Log file open, 07/03/20 18:52:31
LogInit: Display: Running engine for game: ToonTanks
LogPlatformFile: Not using cached read wrapper
LogTaskGraph: Started task graph with 5 named threads and 47 total threads with 3 sets of task threads.
LogStats: Stats thread started at 3.188432
LogD3D11RHI: Loaded GFSDK_Aftermath_Lib.x64.dll
LogICUInternationalization: ICU TimeZone Detection - Raw Offset: +1:00, Platform Override: ''
LogPluginManager: Mounting plugin Paper2D
LogPluginManager: Mounting plugin AISupport
LogPluginManager: Mounting plugin LightPropagationVolume
LogPluginManager: Mounting plugin CameraShakePreviewer
LogPluginManager: Mounting plugin ActorLayerUtilities
LogPluginManager: Mounting plugin AnimationSharing
LogPluginManager: Mounting plugin CLionSourceCodeAccess
LogPluginManager: Mounting plugin CodeLiteSourceCodeAccess
LogPluginManager: Mounting plugin GitSourceControl
LogPluginManager: Mounting plugin KDevelopSourceCodeAccess
LogPluginManager: Mounting plugin NullSourceCodeAccess
LogPluginManager: Mounting plugin PerforceSourceControl
LogPluginManager: Mounting plugin PlasticSourceControl
LogPluginManager: Mounting plugin RiderSourceCodeAccess
LogPluginManager: Mounting plugin SubversionSourceControl
LogPluginManager: Mounting plugin UObjectPlugin
LogPluginManager: Mounting plugin VisualStudioCodeSourceCodeAccess
LogPluginManager: Mounting plugin VisualStudioSourceCodeAccess
LogPluginManager: Mounting plugin XCodeSourceCodeAccess
LogPluginManager: Mounting plugin AssetManagerEditor
LogPluginManager: Mounting plugin CryptoKeys
LogPluginManager: Mounting plugin CurveEditorTools
LogPluginManager: Mounting plugin DataValidation
LogPluginManager: Mounting plugin EditorScriptingUtilities
LogPluginManager: Mounting plugin FacialAnimation
LogPluginManager: Mounting plugin GameplayTagsEditor
LogPluginManager: Mounting plugin GeometryMode
LogPluginManager: Mounting plugin MacGraphicsSwitching
LogPluginManager: Mounting plugin MaterialAnalyzer
LogPluginManager: Mounting plugin MobileLauncherProfileWizard
LogPluginManager: Mounting plugin PluginBrowser
LogPluginManager: Mounting plugin SpeedTreeImporter
LogPluginManager: Mounting plugin DatasmithContent
LogPluginManager: Mounting plugin VariantManagerContent
LogPluginManager: Mounting plugin AlembicImporter
LogPluginManager: Mounting plugin AutomationUtils
LogPluginManager: Mounting plugin BackChannel
LogPluginManager: Mounting plugin ChaosCloth
LogPluginManager: Mounting plugin ChaosClothEditor
LogPluginManager: Mounting plugin ChaosEditor
LogPluginManager: Mounting plugin ChaosNiagara
LogPluginManager: Mounting plugin ChaosSolverPlugin
LogPluginManager: Mounting plugin CharacterAI
LogPluginManager: Mounting plugin GeometryCache
LogPluginManager: Mounting plugin GeometryCollectionPlugin
LogPluginManager: Mounting plugin GeometryProcessing
LogPluginManager: Mounting plugin PlanarCut
LogPluginManager: Mounting plugin PlatformCrypto
LogPluginManager: Mounting plugin ProxyLODPlugin
LogPluginManager: Mounting plugin SkeletalReduction
LogPluginManager: Mounting plugin Niagara
LogPluginManager: Mounting plugin MagicLeap
LogPluginManager: Mounting plugin MagicLeapLightEstimation
LogPluginManager: Mounting plugin MagicLeapMedia
LogPluginManager: Mounting plugin MagicLeapPassableWorld
LogPluginManager: Mounting plugin MLSDK
LogPluginManager: Mounting plugin AndroidMedia
LogPluginManager: Mounting plugin AvfMedia
LogPluginManager: Mounting plugin ImgMedia
LogPluginManager: Mounting plugin MediaCompositing
LogPluginManager: Mounting plugin MediaPlayerEditor
LogPluginManager: Mounting plugin WebMMedia
LogPluginManager: Mounting plugin WmfMedia
LogPluginManager: Mounting plugin MeshPainting
LogPluginManager: Mounting plugin TcpMessaging
LogPluginManager: Mounting plugin UdpMessaging
LogPluginManager: Mounting plugin ActorSequence
LogPluginManager: Mounting plugin LevelSequenceEditor
LogPluginManager: Mounting plugin MatineeToLevelSequence
LogPluginManager: Mounting plugin MovieRenderPipeline
LogPluginManager: Mounting plugin TemplateSequence
LogPluginManager: Mounting plugin NetcodeUnitTest
LogPluginManager: Mounting plugin NUTUnrealEngine4
LogPluginManager: Mounting plugin OnlineSubsystemGooglePlay
LogPluginManager: Mounting plugin OnlineSubsystemIOS
LogPluginManager: Mounting plugin OnlineSubsystem
LogPluginManager: Mounting plugin OnlineSubsystemNull
LogPluginManager: Mounting plugin OnlineSubsystemUtils
LogPluginManager: Mounting plugin LauncherChunkInstaller
LogPluginManager: Mounting plugin AndroidDeviceProfileSelector
LogPluginManager: Mounting plugin AndroidMoviePlayer
LogPluginManager: Mounting plugin AndroidPermission
LogPluginManager: Mounting plugin AppleImageUtils
LogPluginManager: Mounting plugin AppleMoviePlayer
LogPluginManager: Mounting plugin ArchVisCharacter
LogPluginManager: Mounting plugin AssetTags
LogPluginManager: Mounting plugin AudioCapture
LogPluginManager: Mounting plugin CableComponent
LogPluginManager: Mounting plugin CustomMeshComponent
LogPluginManager: Mounting plugin EditableMesh
LogPluginManager: Mounting plugin ExampleDeviceProfileSelector
LogPluginManager: Mounting plugin GoogleCloudMessaging
LogPluginManager: Mounting plugin GooglePAD
LogPluginManager: Mounting plugin IOSDeviceProfileSelector
LogPluginManager: Mounting plugin LinuxDeviceProfileSelector
LogPluginManager: Mounting plugin LocationServicesBPLibrary
LogPluginManager: Mounting plugin MobilePatchingUtils
LogPluginManager: Mounting plugin OculusVR
LogPluginManager: Mounting plugin PhysXVehicles
LogPluginManager: Mounting plugin PostSplashScreen
LogPluginManager: Mounting plugin ProceduralMeshComponent
LogPluginManager: Mounting plugin RuntimePhysXCooking
LogPluginManager: Mounting plugin SignificanceManager
LogPluginManager: Mounting plugin SoundFields
LogPluginManager: Mounting plugin SteamVR
LogPluginManager: Mounting plugin Synthesis
LogPluginManager: Mounting plugin WebMMoviePlayer
LogPluginManager: Mounting plugin WindowsMoviePlayer
LogPluginManager: Mounting plugin ScreenshotTools
LogInit: Using libcurl 7.55.1-DEV
LogInit:  - built for x86_64-pc-win32
LogInit:  - supports SSL with OpenSSL/1.1.1
LogInit:  - supports HTTP deflate (compression) using libz 1.2.8
LogInit:  - other features:
LogInit:      CURL_VERSION_SSL
LogInit:      CURL_VERSION_LIBZ
LogInit:      CURL_VERSION_IPV6
LogInit:      CURL_VERSION_ASYNCHDNS
LogInit:      CURL_VERSION_LARGEFILE
LogInit:      CURL_VERSION_IDN
LogInit:  CurlRequestOptions (configurable via config and command line):
LogInit:  - bVerifyPeer = true  - Libcurl will verify peer certificate
LogInit:  - bUseHttpProxy = false  - Libcurl will NOT use HTTP proxy
LogInit:  - bDontReuseConnections = false  - Libcurl will reuse connections
LogInit:  - MaxHostConnections = 16  - Libcurl will limit the number of connections to a host
LogInit:  - LocalHostAddr = Default
LogInit:  - BufferSize = 65536
LogOnline: OSS: Creating online subsystem instance for: NULL
LogInit: WinSock: version 1.1 (2.2), MaxSocks=32767, MaxUdp=65467
LogOnline: OSS: TryLoadSubsystemAndSetDefault: Loaded subsystem for module [NULL]
LogInit: Build: ++UE4+Release-4.25-CL-13594126
LogInit: Engine Version: 4.25.1-13594126+++UE4+Release-4.25
LogInit: Compatible Engine Version: 4.25.0-13144385+++UE4+Release-4.25
LogInit: Net CL: 13144385
LogInit: OS: Windows 10 (Release 1909) (), CPU: AMD Ryzen 7 3700X 8-Core Processor             , GPU: NVIDIA GeForce GTX 1070
LogInit: Compiled (64-bit): Jun  2 2020 02:10:36
LogInit: Compiled with Visual C++: 19.24.28315.00
LogInit: Build Configuration: Development
LogInit: Branch Name: ++UE4+Release-4.25
LogInit: Command Line:  -EpicPortal -epicusername=HanZoIo -epicuserid=8be1adac7b7d400286ca5bfe9bc2e26c -epiclocale=en
LogInit: Base Directory: C:/Program Files/Epic Games/UE_4.25/Engine/Binaries/Win64/
LogInit: Allocator: TBB
LogInit: Installed Engine Build: 1
LogDevObjectVersion: Number of dev versions registered: 26
LogDevObjectVersion:   Dev-Blueprints (B0D832E4-1F89-4F0D-ACCF-7EB736FD4AA2): 10
LogDevObjectVersion:   Dev-Build (E1C64328-A22C-4D53-A36C-8E866417BD8C): 0
LogDevObjectVersion:   Dev-Core (375EC13C-06E4-48FB-B500-84F0262A717E): 4
LogDevObjectVersion:   Dev-Editor (E4B068ED-F494-42E9-A231-DA0B2E46BB41): 38
LogDevObjectVersion:   Dev-Framework (CFFC743F-43B0-4480-9391-14DF171D2073): 37
LogDevObjectVersion:   Dev-Mobile (B02B49B5-BB20-44E9-A304-32B752E40360): 2
LogDevObjectVersion:   Dev-Networking (A4E4105C-59A1-49B5-A7C5-40C4547EDFEE): 0
LogDevObjectVersion:   Dev-Online (39C831C9-5AE6-47DC-9A44-9C173E1C8E7C): 0
LogDevObjectVersion:   Dev-Physics (78F01B33-EBEA-4F98-B9B4-84EACCB95AA2): 4
LogDevObjectVersion:   Dev-Platform (6631380F-2D4D-43E0-8009-CF276956A95A): 0
LogDevObjectVersion:   Dev-Rendering (12F88B9F-8875-4AFC-A67C-D90C383ABD29): 43
LogDevObjectVersion:   Dev-Sequencer (7B5AE74C-D270-4C10-A958-57980B212A5A): 12
LogDevObjectVersion:   Dev-VR (D7296918-1DD6-4BDD-9DE2-64A83CC13884): 3
LogDevObjectVersion:   Dev-LoadTimes (C2A15278-BFE7-4AFE-6C17-90FF531DF755): 1
LogDevObjectVersion:   Private-Geometry (6EACA3D4-40EC-4CC1-B786-8BED09428FC5): 3
LogDevObjectVersion:   Dev-AnimPhys (29E575DD-E0A3-4627-9D10-D276232CDCEA): 17
LogDevObjectVersion:   Dev-Anim (AF43A65D-7FD3-4947-9873-3E8ED9C1BB05): 7
LogDevObjectVersion:   Dev-ReflectionCapture (6B266CEC-1EC7-4B8F-A30B-E4D90942FC07): 1
LogDevObjectVersion:   Dev-Automation (0DF73D61-A23F-47EA-B727-89E90C41499A): 1
LogDevObjectVersion:   FortniteMain (601D1886-AC64-4F84-AA16-D3DE0DEAC7D6): 31
LogDevObjectVersion:   Dev-Enterprise (9DFFBCD6-494F-0158-E221-12823C92A888): 10
LogDevObjectVersion:   Dev-Niagara (F2AED0AC-9AFE-416F-8664-AA7FFA26D6FC): 1
LogDevObjectVersion:   Dev-Destruction (174F1F0B-B4C6-45A5-B13F-2EE8D0FB917D): 10
LogDevObjectVersion:   Dev-Physics-Ext (35F94A83-E258-406C-A318-09F59610247C): 37
LogDevObjectVersion:   Dev-PhysicsMaterial-Chaos (B68FC16E-8B1B-42E2-B453-215C058844FE): 1
LogDevObjectVersion:   Dev-CineCamera (B2E18506-4273-CFC2-A54E-F4BB758BBA07): 1
LogInit: Presizing for max 25165824 objects, including 0 objects not considered by GC, pre-allocating 0 bytes for permanent pool.
LogConfig: Applying CVar settings from Section [/Script/Engine.StreamingSettings] File [C:/Users/johan/Desktop/ToonTanks/Saved/Config/Windows/Engine.ini]
LogConfig: Setting CVar [[s.MinBulkDataSizeForAsyncLoading:131072]]
LogConfig: Setting CVar [[s.AsyncLoadingThreadEnabled:0]]
LogConfig: Setting CVar [[s.EventDrivenLoaderEnabled:1]]
LogConfig: Setting CVar [[s.WarnIfTimeLimitExceeded:0]]
LogConfig: Setting CVar [[s.TimeLimitExceededMultiplier:1.5]]
LogConfig: Setting CVar [[s.TimeLimitExceededMinTime:0.005]]
LogConfig: Setting CVar [[s.UseBackgroundLevelStreaming:1]]
LogConfig: Setting CVar [[s.PriorityAsyncLoadingExtraTime:15.0]]
LogConfig: Setting CVar [[s.LevelStreamingActorsUpdateTimeLimit:5.0]]
LogConfig: Setting CVar [[s.PriorityLevelStreamingActorsUpdateExtraTime:5.0]]
LogConfig: Setting CVar [[s.LevelStreamingComponentsRegistrationGranularity:10]]
LogConfig: Setting CVar [[s.UnregisterComponentsTimeLimit:1.0]]
LogConfig: Setting CVar [[s.LevelStreamingComponentsUnregistrationGranularity:5]]
LogConfig: Setting CVar [[s.FlushStreamingOnExit:1]]
LogInit: Object subsystem initialized
LogConfig: Setting CVar [[con.DebugEarlyDefault:1]]
LogConfig: Setting CVar [[r.setres:1280x720]]
[2020.07.03-16.52.31:943][  0]LogConfig: Setting CVar [[r.VSync:0]]
[2020.07.03-16.52.31:943][  0]LogConfig: Setting CVar [[r.RHICmdBypass:0]]
[2020.07.03-16.52.31:943][  0]LogConfig: Applying CVar settings from Section [/Script/Engine.RendererSettings] File [C:/Users/johan/Desktop/ToonTanks/Saved/Config/Windows/Engine.ini]
[2020.07.03-16.52.31:943][  0]LogConfig: Setting CVar [[r.GPUCrashDebugging:0]]
[2020.07.03-16.52.31:943][  0]LogConfig: Setting CVar [[r.DefaultFeature.AutoExposure:0]]
[2020.07.03-16.52.31:943][  0]LogConfig: Applying CVar settings from Section [/Script/Engine.RendererOverrideSettings] File [C:/Users/johan/Desktop/ToonTanks/Saved/Config/Windows/Engine.ini]
[2020.07.03-16.52.31:943][  0]LogConfig: Applying CVar settings from Section [/Script/Engine.StreamingSettings] File [C:/Users/johan/Desktop/ToonTanks/Saved/Config/Windows/Engine.ini]
[2020.07.03-16.52.31:943][  0]LogConfig: Setting CVar [[s.MinBulkDataSizeForAsyncLoading:131072]]
[2020.07.03-16.52.31:943][  0]LogConfig: Setting CVar [[s.AsyncLoadingThreadEnabled:0]]
[2020.07.03-16.52.31:943][  0]LogConfig: Setting CVar [[s.EventDrivenLoaderEnabled:1]]
[2020.07.03-16.52.31:943][  0]LogConfig: Setting CVar [[s.WarnIfTimeLimitExceeded:0]]
[2020.07.03-16.52.31:943][  0]LogConfig: Setting CVar [[s.TimeLimitExceededMultiplier:1.5]]
[2020.07.03-16.52.31:943][  0]LogConfig: Setting CVar [[s.TimeLimitExceededMinTime:0.005]]
[2020.07.03-16.52.31:943][  0]LogConfig: Setting CVar [[s.UseBackgroundLevelStreaming:1]]
[2020.07.03-16.52.31:943][  0]LogConfig: Setting CVar [[s.PriorityAsyncLoadingExtraTime:15.0]]
[2020.07.03-16.52.31:943][  0]LogConfig: Setting CVar [[s.LevelStreamingActorsUpdateTimeLimit:5.0]]
[2020.07.03-16.52.31:943][  0]LogConfig: Setting CVar [[s.PriorityLevelStreamingActorsUpdateExtraTime:5.0]]
[2020.07.03-16.52.31:943][  0]LogConfig: Setting CVar [[s.LevelStreamingComponentsRegistrationGranularity:10]]
[2020.07.03-16.52.31:943][  0]LogConfig: Setting CVar [[s.UnregisterComponentsTimeLimit:1.0]]
[2020.07.03-16.52.31:943][  0]LogConfig: Setting CVar [[s.LevelStreamingComponentsUnregistrationGranularity:5]]
[2020.07.03-16.52.31:943][  0]LogConfig: Setting CVar [[s.FlushStreamingOnExit:1]]
[2020.07.03-16.52.31:943][  0]LogConfig: Applying CVar settings from Section [/Script/Engine.GarbageCollectionSettings] File [C:/Users/johan/Desktop/ToonTanks/Saved/Config/Windows/Engine.ini]
[2020.07.03-16.52.31:943][  0]LogConfig: Setting CVar [[gc.MaxObjectsNotConsideredByGC:1]]
[2020.07.03-16.52.31:943][  0]LogConfig: Setting CVar [[gc.SizeOfPermanentObjectPool:0]]
[2020.07.03-16.52.31:943][  0]LogConfig: Setting CVar [[gc.FlushStreamingOnGC:0]]
[2020.07.03-16.52.31:943][  0]LogConfig: Setting CVar [[gc.NumRetriesBeforeForcingGC:10]]
[2020.07.03-16.52.31:943][  0]LogConfig: Setting CVar [[gc.AllowParallelGC:1]]
[2020.07.03-16.52.31:943][  0]LogConfig: Setting CVar [[gc.TimeBetweenPurgingPendingKillObjects:61.1]]
[2020.07.03-16.52.31:943][  0]LogConfig: Setting CVar [[gc.MaxObjectsInEditor:25165824]]
[2020.07.03-16.52.31:943][  0]LogConfig: Setting CVar [[gc.IncrementalBeginDestroyEnabled:1]]
[2020.07.03-16.52.31:943][  0]LogConfig: Setting CVar [[gc.CreateGCClusters:1]]
[2020.07.03-16.52.31:943][  0]LogConfig: Setting CVar [[gc.MinGCClusterSize:5]]
[2020.07.03-16.52.31:943][  0]LogConfig: Setting CVar [[gc.ActorClusteringEnabled:0]]
[2020.07.03-16.52.31:943][  0]LogConfig: Setting CVar [[gc.BlueprintClusteringEnabled:0]]
[2020.07.03-16.52.31:943][  0]LogConfig: Setting CVar [[gc.UseDisregardForGCOnDedicatedServers:0]]
[2020.07.03-16.52.31:943][  0]LogConfig: Applying CVar settings from Section [/Script/Engine.NetworkSettings] File [C:/Users/johan/Desktop/ToonTanks/Saved/Config/Windows/Engine.ini]
[2020.07.03-16.52.31:943][  0]LogConfig: Applying CVar settings from Section [/Script/UnrealEd.CookerSettings] File [C:/Users/johan/Desktop/ToonTanks/Saved/Config/Windows/Engine.ini]
[2020.07.03-16.52.31:948][  0]LogConfig: Applying CVar settings from Section [ViewDistanceQuality@3] File [C:/Users/johan/Desktop/ToonTanks/Saved/Config/Windows/Scalability.ini]
[2020.07.03-16.52.31:948][  0]LogConfig: Setting CVar [[r.SkeletalMeshLODBias:0]]
[2020.07.03-16.52.31:948][  0]LogConfig: Setting CVar [[r.ViewDistanceScale:1.0]]
[2020.07.03-16.52.31:948][  0]LogConfig: Applying CVar settings from Section [AntiAliasingQuality@3] File [C:/Users/johan/Desktop/ToonTanks/Saved/Config/Windows/Scalability.ini]
[2020.07.03-16.52.31:948][  0]LogConfig: Setting CVar [[r.PostProcessAAQuality:4]]
[2020.07.03-16.52.31:948][  0]LogConfig: Applying CVar settings from Section [ShadowQuality@3] File [C:/Users/johan/Desktop/ToonTanks/Saved/Config/Windows/Scalability.ini]
[2020.07.03-16.52.31:948][  0]LogConfig: Setting CVar [[r.LightFunctionQuality:1]]
[2020.07.03-16.52.31:948][  0]LogConfig: Setting CVar [[r.ShadowQuality:5]]
[2020.07.03-16.52.31:948][  0]LogConfig: Setting CVar [[r.Shadow.CSM.MaxCascades:10]]
[2020.07.03-16.52.31:948][  0]LogConfig: Setting CVar [[r.Shadow.MaxResolution:2048]]
[2020.07.03-16.52.31:948][  0]LogConfig: Setting CVar [[r.Shadow.MaxCSMResolution:2048]]
[2020.07.03-16.52.31:948][  0]LogConfig: Setting CVar [[r.Shadow.RadiusThreshold:0.01]]
[2020.07.03-16.52.31:948][  0]LogConfig: Setting CVar [[r.Shadow.DistanceScale:1.0]]
[2020.07.03-16.52.31:948][  0]LogConfig: Setting CVar [[r.Shadow.CSM.TransitionScale:1.0]]
[2020.07.03-16.52.31:948][  0]LogConfig: Setting CVar [[r.Shadow.PreShadowResolutionFactor:1.0]]
[2020.07.03-16.52.31:948][  0]LogConfig: Setting CVar [[r.DistanceFieldShadowing:1]]
[2020.07.03-16.52.31:948][  0]LogConfig: Setting CVar [[r.DistanceFieldAO:1]]
[2020.07.03-16.52.31:948][  0]LogConfig: Setting CVar [[r.AOQuality:2]]
[2020.07.03-16.52.31:948][  0]LogConfig: Setting CVar [[r.VolumetricFog:1]]
[2020.07.03-16.52.31:948][  0]LogConfig: Setting CVar [[r.VolumetricFog.GridPixelSize:8]]
[2020.07.03-16.52.31:948][  0]LogConfig: Setting CVar [[r.VolumetricFog.GridSizeZ:128]]
[2020.07.03-16.52.31:948][  0]LogConfig: Setting CVar [[r.VolumetricFog.HistoryMissSupersampleCount:4]]
[2020.07.03-16.52.31:948][  0]LogConfig: Setting CVar [[r.LightMaxDrawDistanceScale:1]]
[2020.07.03-16.52.31:948][  0]LogConfig: Setting CVar [[r.CapsuleShadows:1]]
[2020.07.03-16.52.31:948][  0]LogConfig: Applying CVar settings from Section [PostProcessQuality@3] File [C:/Users/johan/Desktop/ToonTanks/Saved/Config/Windows/Scalability.ini]
[2020.07.03-16.52.31:948][  0]LogConfig: Setting CVar [[r.MotionBlurQuality:4]]
[2020.07.03-16.52.31:948][  0]LogConfig: Setting CVar [[r.AmbientOcclusionMipLevelFactor:0.4]]
[2020.07.03-16.52.31:948][  0]LogConfig: Setting CVar [[r.AmbientOcclusionMaxQuality:100]]
[2020.07.03-16.52.31:948][  0]LogConfig: Setting CVar [[r.AmbientOcclusionLevels:-1]]
[2020.07.03-16.52.31:948][  0]LogConfig: Setting CVar [[r.AmbientOcclusionRadiusScale:1.0]]
[2020.07.03-16.52.31:948][  0]LogConfig: Setting CVar [[r.DepthOfFieldQuality:2]]
[2020.07.03-16.52.31:948][  0]LogConfig: Setting CVar [[r.RenderTargetPoolMin:400]]
[2020.07.03-16.52.31:948][  0]LogConfig: Setting CVar [[r.LensFlareQuality:2]]
[2020.07.03-16.52.31:948][  0]LogConfig: Setting CVar [[r.SceneColorFringeQuality:1]]
[2020.07.03-16.52.31:948][  0]LogConfig: Setting CVar [[r.EyeAdaptationQuality:2]]
[2020.07.03-16.52.31:948][  0]LogConfig: Setting CVar [[r.BloomQuality:5]]
[2020.07.03-16.52.31:948][  0]LogConfig: Setting CVar [[r.FastBlurThreshold:100]]
[2020.07.03-16.52.31:948][  0]LogConfig: Setting CVar [[r.Upscale.Quality:3]]
[2020.07.03-16.52.31:948][  0]LogConfig: Setting CVar [[r.Tonemapper.GrainQuantization:1]]
[2020.07.03-16.52.31:948][  0]LogConfig: Setting CVar [[r.LightShaftQuality:1]]
[2020.07.03-16.52.31:948][  0]LogConfig: Setting CVar [[r.Filter.SizeScale:1]]
[2020.07.03-16.52.31:948][  0]LogConfig: Setting CVar [[r.Tonemapper.Quality:5]]
[2020.07.03-16.52.31:948][  0]LogConfig: Setting CVar [[r.DOF.Gather.AccumulatorQuality:1        ; higher gathering accumulator quality]]
[2020.07.03-16.52.31:948][  0]LogConfig: Setting CVar [[r.DOF.Gather.PostfilterMethod:1          ; Median3x3 postfilering method]]
[2020.07.03-16.52.31:948][  0]LogConfig: Setting CVar [[r.DOF.Gather.EnableBokehSettings:0       ; no bokeh simulation when gathering]]
[2020.07.03-16.52.31:948][  0]LogConfig: Setting CVar [[r.DOF.Gather.RingCount:4                 ; medium number of samples when gathering]]
[2020.07.03-16.52.31:948][  0]LogConfig: Setting CVar [[r.DOF.Scatter.ForegroundCompositing:1    ; additive foreground scattering]]
[2020.07.03-16.52.31:948][  0]LogConfig: Setting CVar [[r.DOF.Scatter.BackgroundCompositing:2    ; additive background scattering]]
[2020.07.03-16.52.31:948][  0]LogConfig: Setting CVar [[r.DOF.Scatter.EnableBokehSettings:1      ; bokeh simulation when scattering]]
[2020.07.03-16.52.31:948][  0]LogConfig: Setting CVar [[r.DOF.Scatter.MaxSpriteRatio:0.1         ; only a maximum of 10% of scattered bokeh]]
[2020.07.03-16.52.31:949][  0]LogConfig: Setting CVar [[r.DOF.Recombine.Quality:1                ; cheap slight out of focus]]
[2020.07.03-16.52.31:949][  0]LogConfig: Setting CVar [[r.DOF.Recombine.EnableBokehSettings:0    ; no bokeh simulation on slight out of focus]]
[2020.07.03-16.52.31:949][  0]LogConfig: Setting CVar [[r.DOF.TemporalAAQuality:1                ; more stable temporal accumulation]]
[2020.07.03-16.52.31:949][  0]LogConfig: Setting CVar [[r.DOF.Kernel.MaxForegroundRadius:0.025]]
[2020.07.03-16.52.31:949][  0]LogConfig: Setting CVar [[r.DOF.Kernel.MaxBackgroundRadius:0.025]]
[2020.07.03-16.52.31:949][  0]LogConfig: Applying CVar settings from Section [TextureQuality@3] File [C:/Users/johan/Desktop/ToonTanks/Saved/Config/Windows/Scalability.ini]
[2020.07.03-16.52.31:949][  0]LogConfig: Setting CVar [[r.Streaming.MipBias:0]]
[2020.07.03-16.52.31:949][  0]LogConfig: Setting CVar [[r.Streaming.AmortizeCPUToGPUCopy:0]]
[2020.07.03-16.52.31:949][  0]LogConfig: Setting CVar [[r.Streaming.MaxNumTexturesToStreamPerFrame:0]]
[2020.07.03-16.52.31:949][  0]LogConfig: Setting CVar [[r.Streaming.Boost:1]]
[2020.07.03-16.52.31:949][  0]LogConfig: Setting CVar [[r.MaxAnisotropy:8]]
[2020.07.03-16.52.31:949][  0]LogConfig: Setting CVar [[r.VT.MaxAnisotropy:8]]
[2020.07.03-16.52.31:949][  0]LogConfig: Setting CVar [[r.Streaming.LimitPoolSizeToVRAM:0]]
[2020.07.03-16.52.31:949][  0]LogConfig: Setting CVar [[r.Streaming.PoolSize:1000]]
[2020.07.03-16.52.31:949][  0]LogConfig: Setting CVar [[r.Streaming.MaxEffectiveScreenSize:0]]
[2020.07.03-16.52.31:949][  0]LogConfig: Applying CVar settings from Section [EffectsQuality@3] File [C:/Users/johan/Desktop/ToonTanks/Saved/Config/Windows/Scalability.ini]
[2020.07.03-16.52.31:949][  0]LogConfig: Setting CVar [[r.TranslucencyLightingVolumeDim:64]]
[2020.07.03-16.52.31:949][  0]LogConfig: Setting CVar [[r.RefractionQuality:2]]
[2020.07.03-16.52.31:949][  0]LogConfig: Setting CVar [[r.SSR.Quality:3]]
[2020.07.03-16.52.31:949][  0]LogConfig: Setting CVar [[r.SSR.HalfResSceneColor:0]]
[2020.07.03-16.52.31:949][  0]LogConfig: Setting CVar [[r.SceneColorFormat:4]]
[2020.07.03-16.52.31:949][  0]LogConfig: Setting CVar [[r.DetailMode:2]]
[2020.07.03-16.52.31:949][  0]LogConfig: Setting CVar [[r.TranslucencyVolumeBlur:1]]
[2020.07.03-16.52.31:949][  0]LogConfig: Setting CVar [[r.MaterialQualityLevel:1 ; High quality]]
[2020.07.03-16.52.31:949][  0]LogConfig: Setting CVar [[r.SSS.Scale:1]]
[2020.07.03-16.52.31:949][  0]LogConfig: Setting CVar [[r.SSS.SampleSet:2]]
[2020.07.03-16.52.31:949][  0]LogConfig: Setting CVar [[r.SSS.Quality:1]]
[2020.07.03-16.52.31:949][  0]LogConfig: Setting CVar [[r.SSS.HalfRes:0]]
[2020.07.03-16.52.31:949][  0]LogConfig: Setting CVar [[r.SSGI.Quality:3]]
[2020.07.03-16.52.31:949][  0]LogConfig: Setting CVar [[r.EmitterSpawnRateScale:1.0]]
[2020.07.03-16.52.31:949][  0]LogConfig: Setting CVar [[r.ParticleLightQuality:2]]
[2020.07.03-16.52.31:949][  0]LogConfig: Setting CVar [[r.SkyAtmosphere.AerialPerspectiveLUT.FastApplyOnOpaque:1 ; Always have FastSkyLUT 1 in this case to avoid wrong sky]]
[2020.07.03-16.52.31:949][  0]LogConfig: Setting CVar [[r.SkyAtmosphere.AerialPerspectiveLUT.SampleCountPerSlice:1]]
[2020.07.03-16.52.31:949][  0]LogConfig: Setting CVar [[r.SkyAtmosphere.AerialPerspectiveLUT.DepthResolution:16.0]]
[2020.07.03-16.52.31:949][  0]LogConfig: Setting CVar [[r.SkyAtmosphere.FastSkyLUT:1]]
[2020.07.03-16.52.31:949][  0]LogConfig: Setting CVar [[r.SkyAtmosphere.FastSkyLUT.SampleCountMin:4.0]]
[2020.07.03-16.52.31:949][  0]LogConfig: Setting CVar [[r.SkyAtmosphere.FastSkyLUT.SampleCountMax:32.0]]
[2020.07.03-16.52.31:949][  0]LogConfig: Setting CVar [[r.SkyAtmosphere.SampleCountMin:4.0]]
[2020.07.03-16.52.31:949][  0]LogConfig: Setting CVar [[r.SkyAtmosphere.SampleCountMax:32.0]]
[2020.07.03-16.52.31:949][  0]LogConfig: Setting CVar [[r.SkyAtmosphere.TransmittanceLUT.UseSmallFormat:0]]
[2020.07.03-16.52.31:949][  0]LogConfig: Setting CVar [[r.SkyAtmosphere.TransmittanceLUT.SampleCount:10.0]]
[2020.07.03-16.52.31:949][  0]LogConfig: Setting CVar [[r.SkyAtmosphere.MultiScatteringLUT.SampleCount:15.0]]
[2020.07.03-16.52.31:949][  0]LogConfig: Applying CVar settings from Section [FoliageQuality@3] File [C:/Users/johan/Desktop/ToonTanks/Saved/Config/Windows/Scalability.ini]
[2020.07.03-16.52.31:949][  0]LogConfig: Setting CVar [[foliage.DensityScale:1.0]]
[2020.07.03-16.52.31:949][  0]LogConfig: Setting CVar [[grass.DensityScale:1.0]]
[2020.07.03-16.52.31:949][  0]LogConfig: Applying CVar settings from Section [ShadingQuality@3] File [C:/Users/johan/Desktop/ToonTanks/Saved/Config/Windows/Scalability.ini]
[2020.07.03-16.52.31:949][  0]LogConfig: Setting CVar [[r.HairStrands.SkyLighting.SampleCount:16]]
[2020.07.03-16.52.31:949][  0]LogConfig: Setting CVar [[r.HairStrands.SkyLighting.JitterIntegration:0]]
[2020.07.03-16.52.31:949][  0]LogConfig: Setting CVar [[r.HairStrands.SkyAO.SampleCount:16]]
[2020.07.03-16.52.31:949][  0]LogConfig: Setting CVar [[r.HairStrands.DeepShadow.SuperSampling:0]]
[2020.07.03-16.52.31:949][  0]LogConfig: Setting CVar [[r.HairStrands.VisibilityPPLL:0]]
[2020.07.03-16.52.31:949][  0]LogConfig: Setting CVar [[r.HairStrands.RasterizationScale:0.5]]
[2020.07.03-16.52.31:949][  0]LogConfig: Setting CVar [[r.HairStrands.VelocityRasterizationScale:1]]
[2020.07.03-16.52.31:949][  0]LogInit: Selected Device Profile: [Windows]
[2020.07.03-16.52.31:949][  0]LogInit: Applying CVar settings loaded from the selected device profile: [Windows]
[2020.07.03-16.52.31:949][  0]LogHAL: Display: Platform has ~ 32 GB [34308026368 / 34359738368 / 32], which maps to Largest [LargestMinGB=32, LargerMinGB=12, DefaultMinGB=8, SmallerMinGB=6, SmallestMinGB=0)
[2020.07.03-16.52.31:949][  0]LogInit: Going up to parent DeviceProfile []
[2020.07.03-16.52.31:949][  0]LogConfig: Applying CVar settings from Section [ViewDistanceQuality@3] File [C:/Users/johan/Desktop/ToonTanks/Saved/Config/Windows/Scalability.ini]
[2020.07.03-16.52.31:949][  0]LogConfig: Setting CVar [[r.SkeletalMeshLODBias:0]]
[2020.07.03-16.52.31:949][  0]LogConfig: Setting CVar [[r.ViewDistanceScale:1.0]]
[2020.07.03-16.52.31:949][  0]LogConfig: Applying CVar settings from Section [AntiAliasingQuality@3] File [C:/Users/johan/Desktop/ToonTanks/Saved/Config/Windows/Scalability.ini]
[2020.07.03-16.52.31:949][  0]LogConfig: Setting CVar [[r.PostProcessAAQuality:4]]
[2020.07.03-16.52.31:949][  0]LogConfig: Applying CVar settings from Section [ShadowQuality@3] File [C:/Users/johan/Desktop/ToonTanks/Saved/Config/Windows/Scalability.ini]
[2020.07.03-16.52.31:949][  0]LogConfig: Setting CVar [[r.LightFunctionQuality:1]]
[2020.07.03-16.52.31:949][  0]LogConfig: Setting CVar [[r.ShadowQuality:5]]
[2020.07.03-16.52.31:949][  0]LogConfig: Setting CVar [[r.Shadow.CSM.MaxCascades:10]]
[2020.07.03-16.52.31:949][  0]LogConfig: Setting CVar [[r.Shadow.MaxResolution:2048]]
[2020.07.03-16.52.31:949][  0]LogConfig: Setting CVar [[r.Shadow.MaxCSMResolution:2048]]
[2020.07.03-16.52.31:949][  0]LogConfig: Setting CVar [[r.Shadow.RadiusThreshold:0.01]]
[2020.07.03-16.52.31:949][  0]LogConfig: Setting CVar [[r.Shadow.DistanceScale:1.0]]
[2020.07.03-16.52.31:950][  0]LogConfig: Setting CVar [[r.Shadow.CSM.TransitionScale:1.0]]
[2020.07.03-16.52.31:950][  0]LogConfig: Setting CVar [[r.Shadow.PreShadowResolutionFactor:1.0]]
[2020.07.03-16.52.31:950][  0]LogConfig: Setting CVar [[r.DistanceFieldShadowing:1]]
[2020.07.03-16.52.31:950][  0]LogConfig: Setting CVar [[r.DistanceFieldAO:1]]
[2020.07.03-16.52.31:950][  0]LogConfig: Setting CVar [[r.AOQuality:2]]
[2020.07.03-16.52.31:950][  0]LogConfig: Setting CVar [[r.VolumetricFog:1]]
[2020.07.03-16.52.31:950][  0]LogConfig: Setting CVar [[r.VolumetricFog.GridPixelSize:8]]
[2020.07.03-16.52.31:950][  0]LogConfig: Setting CVar [[r.VolumetricFog.GridSizeZ:128]]
[2020.07.03-16.52.31:950][  0]LogConfig: Setting CVar [[r.VolumetricFog.HistoryMissSupersampleCount:4]]
[2020.07.03-16.52.31:950][  0]LogConfig: Setting CVar [[r.LightMaxDrawDistanceScale:1]]
[2020.07.03-16.52.31:950][  0]LogConfig: Setting CVar [[r.CapsuleShadows:1]]
[2020.07.03-16.52.31:950][  0]LogConfig: Applying CVar settings from Section [PostProcessQuality@3] File [C:/Users/johan/Desktop/ToonTanks/Saved/Config/Windows/Scalability.ini]
[2020.07.03-16.52.31:950][  0]LogConfig: Setting CVar [[r.MotionBlurQuality:4]]
[2020.07.03-16.52.31:950][  0]LogConfig: Setting CVar [[r.AmbientOcclusionMipLevelFactor:0.4]]
[2020.07.03-16.52.31:950][  0]LogConfig: Setting CVar [[r.AmbientOcclusionMaxQuality:100]]
[2020.07.03-16.52.31:950][  0]LogConfig: Setting CVar [[r.AmbientOcclusionLevels:-1]]
[2020.07.03-16.52.31:950][  0]LogConfig: Setting CVar [[r.AmbientOcclusionRadiusScale:1.0]]
[2020.07.03-16.52.31:950][  0]LogConfig: Setting CVar [[r.DepthOfFieldQuality:2]]
[2020.07.03-16.52.31:950][  0]LogConfig: Setting CVar [[r.RenderTargetPoolMin:400]]
[2020.07.03-16.52.31:950][  0]LogConfig: Setting CVar [[r.LensFlareQuality:2]]
[2020.07.03-16.52.31:950][  0]LogConfig: Setting CVar [[r.SceneColorFringeQuality:1]]
[2020.07.03-16.52.31:950][  0]LogConfig: Setting CVar [[r.EyeAdaptationQuality:2]]
[2020.07.03-16.52.31:950][  0]LogConfig: Setting CVar [[r.BloomQuality:5]]
[2020.07.03-16.52.31:950][  0]LogConfig: Setting CVar [[r.FastBlurThreshold:100]]
[2020.07.03-16.52.31:950][  0]LogConfig: Setting CVar [[r.Upscale.Quality:3]]
[2020.07.03-16.52.31:950][  0]LogConfig: Setting CVar [[r.Tonemapper.GrainQuantization:1]]
[2020.07.03-16.52.31:950][  0]LogConfig: Setting CVar [[r.LightShaftQuality:1]]
[2020.07.03-16.52.31:950][  0]LogConfig: Setting CVar [[r.Filter.SizeScale:1]]
[2020.07.03-16.52.31:950][  0]LogConfig: Setting CVar [[r.Tonemapper.Quality:5]]
[2020.07.03-16.52.31:950][  0]LogConfig: Setting CVar [[r.DOF.Gather.AccumulatorQuality:1        ; higher gathering accumulator quality]]
[2020.07.03-16.52.31:950][  0]LogConfig: Setting CVar [[r.DOF.Gather.PostfilterMethod:1          ; Median3x3 postfilering method]]
[2020.07.03-16.52.31:950][  0]LogConfig: Setting CVar [[r.DOF.Gather.EnableBokehSettings:0       ; no bokeh simulation when gathering]]
[2020.07.03-16.52.31:950][  0]LogConfig: Setting CVar [[r.DOF.Gather.RingCount:4                 ; medium number of samples when gathering]]
[2020.07.03-16.52.31:950][  0]LogConfig: Setting CVar [[r.DOF.Scatter.ForegroundCompositing:1    ; additive foreground scattering]]
[2020.07.03-16.52.31:950][  0]LogConfig: Setting CVar [[r.DOF.Scatter.BackgroundCompositing:2    ; additive background scattering]]
[2020.07.03-16.52.31:950][  0]LogConfig: Setting CVar [[r.DOF.Scatter.EnableBokehSettings:1      ; bokeh simulation when scattering]]
[2020.07.03-16.52.31:950][  0]LogConfig: Setting CVar [[r.DOF.Scatter.MaxSpriteRatio:0.1         ; only a maximum of 10% of scattered bokeh]]
[2020.07.03-16.52.31:950][  0]LogConfig: Setting CVar [[r.DOF.Recombine.Quality:1                ; cheap slight out of focus]]
[2020.07.03-16.52.31:950][  0]LogConfig: Setting CVar [[r.DOF.Recombine.EnableBokehSettings:0    ; no bokeh simulation on slight out of focus]]
[2020.07.03-16.52.31:950][  0]LogConfig: Setting CVar [[r.DOF.TemporalAAQuality:1                ; more stable temporal accumulation]]
[2020.07.03-16.52.31:950][  0]LogConfig: Setting CVar [[r.DOF.Kernel.MaxForegroundRadius:0.025]]
[2020.07.03-16.52.31:950][  0]LogConfig: Setting CVar [[r.DOF.Kernel.MaxBackgroundRadius:0.025]]
[2020.07.03-16.52.31:950][  0]LogConfig: Applying CVar settings from Section [TextureQuality@3] File [C:/Users/johan/Desktop/ToonTanks/Saved/Config/Windows/Scalability.ini]
[2020.07.03-16.52.31:950][  0]LogConfig: Setting CVar [[r.Streaming.MipBias:0]]
[2020.07.03-16.52.31:950][  0]LogConfig: Setting CVar [[r.Streaming.AmortizeCPUToGPUCopy:0]]
[2020.07.03-16.52.31:950][  0]LogConfig: Setting CVar [[r.Streaming.MaxNumTexturesToStreamPerFrame:0]]
[2020.07.03-16.52.31:950][  0]LogConfig: Setting CVar [[r.Streaming.Boost:1]]
[2020.07.03-16.52.31:950][  0]LogConfig: Setting CVar [[r.MaxAnisotropy:8]]
[2020.07.03-16.52.31:950][  0]LogConfig: Setting CVar [[r.VT.MaxAnisotropy:8]]
[2020.07.03-16.52.31:950][  0]LogConfig: Setting CVar [[r.Streaming.LimitPoolSizeToVRAM:0]]
[2020.07.03-16.52.31:950][  0]LogConfig: Setting CVar [[r.Streaming.PoolSize:1000]]
[2020.07.03-16.52.31:950][  0]LogConfig: Setting CVar [[r.Streaming.MaxEffectiveScreenSize:0]]
[2020.07.03-16.52.31:950][  0]LogConfig: Applying CVar settings from Section [EffectsQuality@3] File [C:/Users/johan/Desktop/ToonTanks/Saved/Config/Windows/Scalability.ini]
[2020.07.03-16.52.31:950][  0]LogConfig: Setting CVar [[r.TranslucencyLightingVolumeDim:64]]
[2020.07.03-16.52.31:950][  0]LogConfig: Setting CVar [[r.RefractionQuality:2]]
[2020.07.03-16.52.31:950][  0]LogConfig: Setting CVar [[r.SSR.Quality:3]]
[2020.07.03-16.52.31:950][  0]LogConfig: Setting CVar [[r.SSR.HalfResSceneColor:0]]
[2020.07.03-16.52.31:950][  0]LogConfig: Setting CVar [[r.SceneColorFormat:4]]
[2020.07.03-16.52.31:950][  0]LogConfig: Setting CVar [[r.DetailMode:2]]
[2020.07.03-16.52.31:950][  0]LogConfig: Setting CVar [[r.TranslucencyVolumeBlur:1]]
[2020.07.03-16.52.31:950][  0]LogConfig: Setting CVar [[r.MaterialQualityLevel:1 ; High quality]]
[2020.07.03-16.52.31:950][  0]LogConfig: Setting CVar [[r.SSS.Scale:1]]
[2020.07.03-16.52.31:950][  0]LogConfig: Setting CVar [[r.SSS.SampleSet:2]]
[2020.07.03-16.52.31:950][  0]LogConfig: Setting CVar [[r.SSS.Quality:1]]
[2020.07.03-16.52.31:950][  0]LogConfig: Setting CVar [[r.SSS.HalfRes:0]]
[2020.07.03-16.52.31:950][  0]LogConfig: Setting CVar [[r.SSGI.Quality:3]]
[2020.07.03-16.52.31:950][  0]LogConfig: Setting CVar [[r.EmitterSpawnRateScale:1.0]]
[2020.07.03-16.52.31:950][  0]LogConfig: Setting CVar [[r.ParticleLightQuality:2]]
[2020.07.03-16.52.31:950][  0]LogConfig: Setting CVar [[r.SkyAtmosphere.AerialPerspectiveLUT.FastApplyOnOpaque:1 ; Always have FastSkyLUT 1 in this case to avoid wrong sky]]
[2020.07.03-16.52.31:950][  0]LogConfig: Setting CVar [[r.SkyAtmosphere.AerialPerspectiveLUT.SampleCountPerSlice:1]]
[2020.07.03-16.52.31:950][  0]LogConfig: Setting CVar [[r.SkyAtmosphere.AerialPerspectiveLUT.DepthResolution:16.0]]
[2020.07.03-16.52.31:950][  0]LogConfig: Setting CVar [[r.SkyAtmosphere.FastSkyLUT:1]]
[2020.07.03-16.52.31:950][  0]LogConfig: Setting CVar [[r.SkyAtmosphere.FastSkyLUT.SampleCountMin:4.0]]
[2020.07.03-16.52.31:950][  0]LogConfig: Setting CVar [[r.SkyAtmosphere.FastSkyLUT.SampleCountMax:32.0]]
[2020.07.03-16.52.31:950][  0]LogConfig: Setting CVar [[r.SkyAtmosphere.SampleCountMin:4.0]]
[2020.07.03-16.52.31:950][  0]LogConfig: Setting CVar [[r.SkyAtmosphere.SampleCountMax:32.0]]
[2020.07.03-16.52.31:950][  0]LogConfig: Setting CVar [[r.SkyAtmosphere.TransmittanceLUT.UseSmallFormat:0]]
[2020.07.03-16.52.31:950][  0]LogConfig: Setting CVar [[r.SkyAtmosphere.TransmittanceLUT.SampleCount:10.0]]
[2020.07.03-16.52.31:950][  0]LogConfig: Setting CVar [[r.SkyAtmosphere.MultiScatteringLUT.SampleCount:15.0]]
[2020.07.03-16.52.31:950][  0]LogConfig: Applying CVar settings from Section [FoliageQuality@3] File [C:/Users/johan/Desktop/ToonTanks/Saved/Config/Windows/Scalability.ini]
[2020.07.03-16.52.31:950][  0]LogConfig: Setting CVar [[foliage.DensityScale:1.0]]
[2020.07.03-16.52.31:950][  0]LogConfig: Setting CVar [[grass.DensityScale:1.0]]
[2020.07.03-16.52.31:950][  0]LogConfig: Applying CVar settings from Section [ShadingQuality@3] File [C:/Users/johan/Desktop/ToonTanks/Saved/Config/Windows/Scalability.ini]
[2020.07.03-16.52.31:950][  0]LogConfig: Setting CVar [[r.HairStrands.SkyLighting.SampleCount:16]]
[2020.07.03-16.52.31:950][  0]LogConfig: Setting CVar [[r.HairStrands.SkyLighting.JitterIntegration:0]]
[2020.07.03-16.52.31:950][  0]LogConfig: Setting CVar [[r.HairStrands.SkyAO.SampleCount:16]]
[2020.07.03-16.52.31:950][  0]LogConfig: Setting CVar [[r.HairStrands.DeepShadow.SuperSampling:0]]
[2020.07.03-16.52.31:950][  0]LogConfig: Setting CVar [[r.HairStrands.VisibilityPPLL:0]]
[2020.07.03-16.52.31:950][  0]LogConfig: Setting CVar [[r.HairStrands.RasterizationScale:0.5]]
[2020.07.03-16.52.31:951][  0]LogConfig: Setting CVar [[r.HairStrands.VelocityRasterizationScale:1]]
[2020.07.03-16.52.31:951][  0]LogConfig: Applying CVar settings from Section [Startup] File [../../../Engine/Config/ConsoleVariables.ini]
[2020.07.03-16.52.31:951][  0]LogConfig: Setting CVar [[net.UseAdaptiveNetUpdateFrequency:0]]
[2020.07.03-16.52.31:951][  0]LogConfig: Setting CVar [[p.chaos.AllowCreatePhysxBodies:1]]
[2020.07.03-16.52.31:951][  0]LogConfig: Setting CVar [[fx.SkipVectorVMBackendOptimizations:1]]
[2020.07.03-16.52.31:951][  0]LogConfig: Applying CVar settings from Section [ConsoleVariables] File [C:/Users/johan/Desktop/ToonTanks/Saved/Config/Windows/Engine.ini]
[2020.07.03-16.52.31:951][  0]LogInit: Computer: DESKTOP-CC8P123
[2020.07.03-16.52.31:951][  0]LogInit: User: johan
[2020.07.03-16.52.31:951][  0]LogInit: CPU Page size=4096, Cores=8
[2020.07.03-16.52.31:951][  0]LogInit: High frequency timer resolution =10.000000 MHz
[2020.07.03-16.52.31:951][  0]LogMemory: Memory total: Physical=32.0GB (32GB approx)
[2020.07.03-16.52.31:951][  0]LogMemory: Platform Memory Stats for Windows
[2020.07.03-16.52.31:951][  0]LogMemory: Process Physical Memory: 116.45 MB used, 116.45 MB peak
[2020.07.03-16.52.31:951][  0]LogMemory: Process Virtual Memory: 106.67 MB used, 106.67 MB peak
[2020.07.03-16.52.31:951][  0]LogMemory: Physical Memory: 6100.70 MB used,  26617.98 MB free, 32718.68 MB total
[2020.07.03-16.52.31:951][  0]LogMemory: Virtual Memory: 5194.14 MB used,  134212536.00 MB free, 134217728.00 MB total
[2020.07.03-16.52.31:956][  0]LogWindows: WindowsPlatformFeatures enabled
[2020.07.03-16.52.31:984][  0]LogInit: Physics initialised using underlying interface: PhysX
[2020.07.03-16.52.31:984][  0]LogInit: Using OS detected language (en-US).
[2020.07.03-16.52.31:984][  0]LogInit: Using OS detected locale (en-US).
[2020.07.03-16.52.31:987][  0]LogTextLocalizationManager: No specific localization for 'en-US' exists, so the 'en' localization will be used.
[2020.07.03-16.52.32:127][  0]LogInit: Setting process to per monitor DPI aware
[2020.07.03-16.52.32:153][  0]LogSlate: New Slate User Created.  User Index 0, Is Virtual User: 0
[2020.07.03-16.52.32:153][  0]LogSlate: Slate User Registered.  User Index 0, Is Virtual User: 0
[2020.07.03-16.52.32:257][  0]LogHMD: Failed to initialize OpenVR with code 110
[2020.07.03-16.52.32:257][  0]LogD3D11RHI: D3D11 min allowed feature level: 11_0
[2020.07.03-16.52.32:257][  0]LogD3D11RHI: D3D11 max allowed feature level: 11_0
[2020.07.03-16.52.32:257][  0]LogD3D11RHI: D3D11 adapters:
[2020.07.03-16.52.32:317][  0]LogD3D11RHI:    0. 'NVIDIA GeForce GTX 1070' (Feature Level 11_0)
[2020.07.03-16.52.32:317][  0]LogD3D11RHI:       8088/0/16359 MB DedicatedVideo/DedicatedSystem/SharedSystem, Outputs:2, VendorId:0x10de
[2020.07.03-16.52.32:319][  0]LogD3D11RHI:    1. 'Microsoft Basic Render Driver' (Feature Level 11_0)
[2020.07.03-16.52.32:319][  0]LogD3D11RHI:       0/0/16359 MB DedicatedVideo/DedicatedSystem/SharedSystem, Outputs:0, VendorId:0x1414
[2020.07.03-16.52.32:319][  0]LogD3D11RHI: Chosen D3D11 Adapter: 0
[2020.07.03-16.52.32:326][  0]LogD3D11RHI: Creating new Direct3DDevice
[2020.07.03-16.52.32:326][  0]LogD3D11RHI:     GPU DeviceId: 0x1b81 (for the marketing name, search the web for "GPU Device Id")
[2020.07.03-16.52.32:326][  0]LogWindows: EnumDisplayDevices:
[2020.07.03-16.52.32:326][  0]LogWindows:    0. 'NVIDIA GeForce GTX 1070' (P:1 D:1)
[2020.07.03-16.52.32:326][  0]LogWindows:    1. 'NVIDIA GeForce GTX 1070' (P:0 D:1)
[2020.07.03-16.52.32:326][  0]LogWindows:    2. 'NVIDIA GeForce GTX 1070' (P:0 D:0)
[2020.07.03-16.52.32:326][  0]LogWindows:    3. 'NVIDIA GeForce GTX 1070' (P:0 D:0)
[2020.07.03-16.52.32:327][  0]LogWindows: DebugString: FoundDriverCount:4 
[2020.07.03-16.52.32:327][  0]LogD3D11RHI:     Adapter Name: NVIDIA GeForce GTX 1070
[2020.07.03-16.52.32:327][  0]LogD3D11RHI:   Driver Version: 451.48 (internal:27.21.14.5148, unified:451.48)
[2020.07.03-16.52.32:327][  0]LogD3D11RHI:      Driver Date: 6-21-2020
[2020.07.03-16.52.32:327][  0]LogRHI: Texture pool is 5661 MB (70% of 8088 MB)
[2020.07.03-16.52.32:362][  0]LogD3D11RHI: RHI has support for 64 bit atomics
[2020.07.03-16.52.32:364][  0]LogD3D11RHI: [Aftermath] Enabled and primed
[2020.07.03-16.52.32:364][  0]LogD3D11RHI: Async texture creation enabled
[2020.07.03-16.52.32:364][  0]LogD3D11RHI: Array index from any shader is supported
[2020.07.03-16.52.32:379][  0]LogD3D11RHI: GPU Timing Frequency: 1000.000000 (Debug: 2 1)
[2020.07.03-16.52.36:642][  0]LogTargetPlatformManager: Display: Loaded TargetPlatform 'AllDesktop'
[2020.07.03-16.52.36:661][  0]LogTargetPlatformManager: Display: Loaded TargetPlatform 'Android'
[2020.07.03-16.52.36:661][  0]LogTargetPlatformManager: Display: Loaded TargetPlatform 'Android_ASTC'
[2020.07.03-16.52.36:661][  0]LogTargetPlatformManager: Display: Loaded TargetPlatform 'Android_DXT'
[2020.07.03-16.52.36:661][  0]LogTargetPlatformManager: Display: Loaded TargetPlatform 'Android_ETC2'
[2020.07.03-16.52.36:661][  0]LogTargetPlatformManager: Display: Loaded TargetPlatform 'AndroidClient'
[2020.07.03-16.52.36:661][  0]LogTargetPlatformManager: Display: Loaded TargetPlatform 'Android_ASTCClient'
[2020.07.03-16.52.36:661][  0]LogTargetPlatformManager: Display: Loaded TargetPlatform 'Android_DXTClient'
[2020.07.03-16.52.36:661][  0]LogTargetPlatformManager: Display: Loaded TargetPlatform 'Android_ETC2Client'
[2020.07.03-16.52.36:661][  0]LogTargetPlatformManager: Display: Loaded TargetPlatform 'Android_Multi'
[2020.07.03-16.52.36:661][  0]LogTargetPlatformManager: Display: Loaded TargetPlatform 'Android_MultiClient'
[2020.07.03-16.52.36:681][  0]LogTargetPlatformManager: Display: Loaded TargetPlatform 'IOSClient'
[2020.07.03-16.52.36:681][  0]LogTargetPlatformManager: Display: Loaded TargetPlatform 'IOS'
[2020.07.03-16.52.36:690][  0]LogTargetPlatformManager: Display: Loaded TargetPlatform 'Linux'
[2020.07.03-16.52.36:698][  0]LogTargetPlatformManager: Display: Loaded TargetPlatform 'LinuxNoEditor'
[2020.07.03-16.52.36:705][  0]LogTargetPlatformManager: Display: Loaded TargetPlatform 'LinuxClient'
[2020.07.03-16.52.36:713][  0]LogTargetPlatformManager: Display: Loaded TargetPlatform 'LinuxServer'
[2020.07.03-16.52.36:720][  0]LogTargetPlatformManager: Display: Loaded TargetPlatform 'LinuxAArch64NoEditor'
[2020.07.03-16.52.36:728][  0]LogTargetPlatformManager: Display: Loaded TargetPlatform 'LinuxAArch64Client'
[2020.07.03-16.52.36:736][  0]LogTargetPlatformManager: Display: Loaded TargetPlatform 'LinuxAArch64Server'
[2020.07.03-16.52.36:758][  0]LogTargetPlatformManager: Display: Loaded TargetPlatform 'Lumin'
[2020.07.03-16.52.36:758][  0]LogTargetPlatformManager: Display: Loaded TargetPlatform 'LuminClient'
[2020.07.03-16.52.36:771][  0]LogTargetPlatformManager: Display: Loaded TargetPlatform 'TVOSClient'
[2020.07.03-16.52.36:771][  0]LogTargetPlatformManager: Display: Loaded TargetPlatform 'TVOS'
[2020.07.03-16.52.36:779][  0]LogTargetPlatformManager: Display: Loaded TargetPlatform 'WindowsNoEditor'
[2020.07.03-16.52.36:787][  0]LogTargetPlatformManager: Display: Loaded TargetPlatform 'Windows'
[2020.07.03-16.52.36:795][  0]LogTargetPlatformManager: Display: Loaded TargetPlatform 'WindowsClient'
[2020.07.03-16.52.36:803][  0]LogTargetPlatformManager: Display: Loaded TargetPlatform 'WindowsServer'
[2020.07.03-16.52.36:803][  0]LogTargetPlatformManager: Display: Building Assets For Windows
[2020.07.03-16.52.36:809][  0]LogAudioDebug: Display: Lib vorbis DLL was dynamically loaded.
[2020.07.03-16.52.36:857][  0]LogShaderCompilers: Guid format shader working directory is -1 characters bigger than the processId version (../../../../../../Users/johan/Desktop/ToonTanks/Intermediate/Shaders/WorkingDirectory/3096/).
[2020.07.03-16.52.36:857][  0]LogShaderCompilers: Cleaned the shader compiler working directory 'C:/Users/johan/AppData/Local/Temp/UnrealShaderWorkingDir/D3CEE4A04BD7037EFF0E54AA196E3A84/'.
[2020.07.03-16.52.36:857][  0]LogXGEController: Cannot use XGE Controller as Incredibuild is not installed on this machine.
[2020.07.03-16.52.36:857][  0]LogShaderCompilers: Cannot use XGE Shader Compiler as Incredibuild is not installed on this machine.
[2020.07.03-16.52.36:857][  0]LogShaderCompilers: Display: Using Local Shader Compiler.
[2020.07.03-16.52.37:491][  0]LogDerivedDataCache: Display: Max Cache Size: 512 MB
[2020.07.03-16.52.37:527][  0]LogDerivedDataCache: Loaded boot cache 0.04s 76MB C:/Users/johan/AppData/Local/UnrealEngine/4.25/DerivedDataCache/Boot.ddc.
[2020.07.03-16.52.37:527][  0]LogDerivedDataCache: Display: Loaded Boot cache: C:/Users/johan/AppData/Local/UnrealEngine/4.25/DerivedDataCache/Boot.ddc
[2020.07.03-16.52.37:528][  0]LogDerivedDataCache: FDerivedDataBackendGraph:  Pak pak cache file ../../../../../../Users/johan/Desktop/ToonTanks/DerivedDataCache/DDC.ddp not found, will not use a pak cache.
[2020.07.03-16.52.37:528][  0]LogDerivedDataCache: Unable to find inner node Pak for hierarchical cache Hierarchy.
[2020.07.03-16.52.37:528][  0]LogDerivedDataCache: FDerivedDataBackendGraph:  CompressedPak pak cache file ../../../../../../Users/johan/Desktop/ToonTanks/DerivedDataCache/Compressed.ddp not found, will not use a pak cache.
[2020.07.03-16.52.37:528][  0]LogDerivedDataCache: Unable to find inner node CompressedPak for hierarchical cache Hierarchy.
[2020.07.03-16.52.37:537][  0]LogDerivedDataCache: Display: Pak cache opened for reading ../../../Engine/DerivedDataCache/Compressed.ddp.
[2020.07.03-16.52.37:537][  0]LogDerivedDataCache: FDerivedDataBackendGraph:  EnterprisePak pak cache file ../../../Enterprise/DerivedDataCache/Compressed.ddp not found, will not use a pak cache.
[2020.07.03-16.52.37:537][  0]LogDerivedDataCache: Unable to find inner node EnterprisePak for hierarchical cache Hierarchy.
[2020.07.03-16.52.37:538][  0]LogDerivedDataCache: Using Local data cache path C:/Users/johan/AppData/Local/UnrealEngine/Common/DerivedDataCache: Writable
[2020.07.03-16.52.37:538][  0]LogDerivedDataCache: Shared data cache path not found in *engine.ini, will not use an Shared cache.
[2020.07.03-16.52.37:538][  0]LogDerivedDataCache: Unable to find inner node Shared for hierarchical cache Hierarchy.
[2020.07.03-16.52.37:580][  0]LogSlate: Using FreeType 2.10.0
[2020.07.03-16.52.37:580][  0]LogSlate: SlateFontServices - WITH_FREETYPE: 1, WITH_HARFBUZZ: 1
[2020.07.03-16.52.37:599][  0]LogAssetRegistry: FAssetRegistry took 0.0022 seconds to start up
[2020.07.03-16.52.37:804][  0]LogInit: Selected Device Profile: [Windows]
[2020.07.03-16.52.37:896][  0]LogMeshReduction: Using QuadricMeshReduction for automatic static mesh reduction
[2020.07.03-16.52.37:896][  0]LogMeshReduction: Using SimplygonMeshReduction for automatic skeletal mesh reduction
[2020.07.03-16.52.37:896][  0]LogMeshReduction: Using ProxyLODMeshReduction for automatic mesh merging
[2020.07.03-16.52.37:896][  0]LogMeshReduction: No distributed automatic mesh merging module available
[2020.07.03-16.52.37:896][  0]LogMeshMerging: No distributed automatic mesh merging module available
[2020.07.03-16.52.37:910][  0]LogNetVersion: ToonTanks 1.0.0, NetCL: 13144385, EngineNetVer: 14, GameNetVer: 0 (Checksum: 281104731)
[2020.07.03-16.52.38:233][  0]LogAISub: UAISubsystem::UAISubsystem AISubsystem (0000019882601400), frame # 0
[2020.07.03-16.52.38:233][  0]LogAISub: UAISubsystem::UAISubsystem AIPerceptionSystem (0000019882527C40), frame # 0
[2020.07.03-16.52.38:234][  0]LogAISub: UAISubsystem::UAISubsystem EnvQueryManager (0000019882591E00), frame # 0
[2020.07.03-16.52.38:277][  0]LogPackageLocalizationCache: Processed 19 localized package path(s) for 1 prioritized culture(s) in 0.038334 seconds
[2020.07.03-16.52.38:283][  0]LogUObjectArray: 15917 objects as part of root set at end of initial load.
[2020.07.03-16.52.38:283][  0]LogUObjectAllocator: 3965568 out of 0 bytes used by permanent object pool.
[2020.07.03-16.52.38:283][  0]LogUObjectArray: CloseDisregardForGC: 0/0 objects in disregard for GC pool
[2020.07.03-16.52.38:559][  0]LogTcpMessaging: Initializing TcpMessaging bridge
[2020.07.03-16.52.38:563][  0]LogUdpMessaging: Initializing bridge on interface 0.0.0.0:0 to multicast group 230.0.0.1:6666.
[2020.07.03-16.52.38:653][  0]SourceControl: Source control is disabled
[2020.07.03-16.52.39:289][  0]LogAndroidPermission: UAndroidPermissionCallbackProxy::GetInstance
[2020.07.03-16.52.39:304][  0]LogAudioCaptureCore: Display: No Audio Capture implementations found. Audio input will be silent.
[2020.07.03-16.52.39:304][  0]LogAudioCaptureCore: Display: No Audio Capture implementations found. Audio input will be silent.
[2020.07.03-16.52.39:345][  0]LogOcInput: OculusInput pre-init called
[2020.07.03-16.52.39:354][  0]LogWindows: Failed to load 'OVRPlugin.dll' (GetLastError=126)
[2020.07.03-16.52.39:354][  0]LogWindows: File 'OVRPlugin.dll' does not exist
[2020.07.03-16.52.39:409][  0]LogEngine: Initializing Engine...
[2020.07.03-16.52.39:410][  0]LogHMD: Failed to initialize OpenVR with code 110
[2020.07.03-16.52.39:410][  0]LogMagicLeap: Warning: VR disabled because ZI is not enabled.  To enable, in the editor, Edit -> Project Settings -> Plugins -> Magic Leap Plugin -> Enable Zero Iteration
[2020.07.03-16.52.39:410][  0]LogStats: UGameplayTagsManager::InitializeManager -  0.000 s
[2020.07.03-16.52.39:494][  0]LogInit: Initializing FReadOnlyCVARCache
[2020.07.03-16.52.39:500][  0]LogAIModule: Creating AISystem for world Untitled
[2020.07.03-16.52.39:500][  0]LogAISub: UAISubsystem::UAISubsystem EnvQueryManager (0000019888AEFC00), frame # 0
[2020.07.03-16.52.39:501][  0]LogAISub: UAISubsystem::UAISubsystem AIPerceptionSystem (0000019888B26C00), frame # 0
[2020.07.03-16.52.39:510][  0]LogAudioMixer: Display: Audio Mixer Platform Settings:
[2020.07.03-16.52.39:510][  0]LogAudioMixer: Display: 	Sample Rate:						  48000
[2020.07.03-16.52.39:510][  0]LogAudioMixer: Display: 	Callback Buffer Frame Size Requested: 1024
[2020.07.03-16.52.39:510][  0]LogAudioMixer: Display: 	Callback Buffer Frame Size To Use:	  1024
[2020.07.03-16.52.39:510][  0]LogAudioMixer: Display: 	Number of buffers to queue:			  2
[2020.07.03-16.52.39:510][  0]LogAudioMixer: Display: 	Max Channels (voices):				  32
[2020.07.03-16.52.39:510][  0]LogAudioMixer: Display: 	Number of Async Source Workers:		  0
[2020.07.03-16.52.39:510][  0]LogAudio: Display: AudioDevice MaxSources: 32
[2020.07.03-16.52.39:510][  0]LogAudio: Display: Using built-in audio occlusion.
[2020.07.03-16.52.39:510][  0]LogAudioMixer: Display: Initializing audio mixer.
[2020.07.03-16.52.39:520][  0]LogAudioMixer: Display: 0: FrontLeft
[2020.07.03-16.52.39:520][  0]LogAudioMixer: Display: 1: FrontRight
[2020.07.03-16.52.39:547][  0]LogAudioMixer: Display: Using Audio Device Speakers (High Definition Audio Device)
[2020.07.03-16.52.39:548][  0]LogAudioMixer: Display: Initializing Sound Submixes...
[2020.07.03-16.52.39:550][  0]LogAudioMixer: Display: Creating Master Submix 'MasterSubmixDefault'
[2020.07.03-16.52.39:550][  0]LogAudioMixer: Display: Creating Master Submix 'MasterReverbSubmixDefault'
[2020.07.03-16.52.39:550][  0]LogAudioMixer: Display: Creating Master Submix 'MasterEQSubmixDefault'
[2020.07.03-16.52.39:551][  0]LogInit: FAudioDevice initialized.
[2020.07.03-16.52.39:551][  0]LogNetVersion: Set ProjectVersion to 1.0.0.0. Version Checksum will be recalculated on next use.
[2020.07.03-16.52.39:594][  0]LogDerivedDataCache: Saved boot cache 0.04s 76MB C:/Users/johan/AppData/Local/UnrealEngine/4.25/DerivedDataCache/Boot.ddc.
[2020.07.03-16.52.39:596][  0]LogInit: Texture streaming: Enabled
[2020.07.03-16.52.39:608][  0]LogEngineSessionManager: EngineSessionManager initialized
[2020.07.03-16.52.39:608][  0]LogEditorSessionSummary: Verbose: Initializing EditorSessionSummaryWriter for editor session tracking
[2020.07.03-16.52.39:610][  0]LogEditorSessionSummary: EditorSessionSummaryWriter initialized
[2020.07.03-16.52.39:649][  0]LogInit: Transaction tracking system initialized
[2020.07.03-16.52.39:666][  0]BlueprintLog: New page: Editor Load
[2020.07.03-16.52.39:719][  0]LocalizationService: Localization service is disabled
[2020.07.03-16.52.39:840][  0]LogCook: Display: Max memory allowance for cook 16384mb min free memory 0mb
[2020.07.03-16.52.39:840][  0]LogCook: Display: Mobile HDR setting 1
[2020.07.03-16.52.39:942][  0]LogFileCache: Scanning file cache for directory 'C:/Users/johan/Desktop/ToonTanks/Content/' took 0.00s
[2020.07.03-16.52.40:075][  0]LogUnrealEdMisc: Loading editor; pre map load, took 12.237
[2020.07.03-16.52.40:075][  0]Cmd: MAP LOAD FILE="../../../../../../Users/johan/Desktop/ToonTanks/Content/Maps/Main.umap" TEMPLATE=0 SHOWPROGRESS=1 FEATURELEVEL=3
[2020.07.03-16.52.40:075][  0]LightingResults: New page: Lighting Build
[2020.07.03-16.52.40:076][  0]LogWorld: UWorld::CleanupWorld for Untitled, bSessionEnded=true, bCleanupResources=true
[2020.07.03-16.52.40:076][  0]LogSlate: InvalidateAllWidgets triggered.  All widgets were invalidated
[2020.07.03-16.52.40:076][  0]MapCheck: New page: Map Check
[2020.07.03-16.52.40:076][  0]LightingResults: New page: Lighting Build
[2020.07.03-16.52.40:092][  0]LogAISub: UAISubsystem::~UAISubsystem EnvQueryManager (0000019888AEFC00), frame # 0
[2020.07.03-16.52.40:092][  0]LogAISub: UAISubsystem::~UAISubsystem AIPerceptionSystem (0000019888B26C00), frame # 0
[2020.07.03-16.52.40:093][  0]LogUObjectHash: Compacting FUObjectHashTables data took   0.69ms
[2020.07.03-16.52.40:156][  0]LogAIModule: Creating AISystem for world Main
[2020.07.03-16.52.40:156][  0]LogAISub: UAISubsystem::UAISubsystem EnvQueryManager (0000019888E5E600), frame # 0
[2020.07.03-16.52.40:156][  0]LogAISub: UAISubsystem::UAISubsystem AIPerceptionSystem (0000019888E57B00), frame # 0
[2020.07.03-16.52.40:159][  0]LogEditorServer: Finished looking for orphan Actors (0.000 secs)
[2020.07.03-16.52.40:171][  0]LogUObjectHash: Compacting FUObjectHashTables data took   0.76ms
[2020.07.03-16.52.40:171][  0]Cmd: MAP CHECKDEP NOCLEARLOG
[2020.07.03-16.52.40:171][  0]MapCheck: Map check complete: 0 Error(s), 0 Warning(s), took 0.15ms to complete.
[2020.07.03-16.52.40:171][  0]LogFileHelpers: Loading map 'Main' took 0.097
[2020.07.03-16.52.40:173][  0]LogUnrealEdMisc: Total Editor Startup Time, took 12.336
[2020.07.03-16.52.40:272][  0]LogSlate: Updating window title bar state: overlay mode, drag disabled, window buttons hidden, title bar hidden
[2020.07.03-16.52.40:278][  0]LogSlate: Updating window title bar state: overlay mode, drag disabled, window buttons hidden, title bar hidden
[2020.07.03-16.52.40:284][  0]LogSlate: Updating window title bar state: overlay mode, drag disabled, window buttons hidden, title bar hidden
[2020.07.03-16.52.40:290][  0]LogSlate: Updating window title bar state: overlay mode, drag disabled, window buttons hidden, title bar hidden
[2020.07.03-16.52.40:296][  0]LogCollectionManager: Loaded 0 collections in 0.001891 seconds
[2020.07.03-16.52.40:310][  0]LogFileCache: Scanning file cache for directory 'C:/Users/johan/Desktop/ToonTanks/Saved/Collections/' took 0.00s
[2020.07.03-16.52.40:310][  0]LogFileCache: Scanning file cache for directory 'C:/Users/johan/Desktop/ToonTanks/Content/Developers/johan/Collections/' took 0.00s
[2020.07.03-16.52.40:310][  0]LogFileCache: Scanning file cache for directory 'C:/Users/johan/Desktop/ToonTanks/Content/Collections/' took 0.00s
[2020.07.03-16.52.40:310][  0]LogContentBrowser: Native class hierarchy populated in 0.0091 seconds. Added 3433 classes and 827 folders.
[2020.07.03-16.52.40:313][  0]LogContentBrowser: Native class hierarchy updated for 'WidgetCarousel' in 0.0003 seconds. Added 0 classes and 0 folders.
[2020.07.03-16.52.40:412][  0]LogContentBrowser: Native class hierarchy updated for 'AddContentDialog' in 0.0004 seconds. Added 0 classes and 0 folders.
[2020.07.03-16.52.40:415][  0]LogContentBrowser: Native class hierarchy updated for 'SceneOutliner' in 0.0003 seconds. Added 2 classes and 0 folders.
[2020.07.03-16.52.40:755][  0]LogSlate: Took 0.000176 seconds to synchronously load lazily loaded font '../../../Engine/Content/Slate/Fonts/Roboto-Regular.ttf' (155K)
[2020.07.03-16.52.40:756][  0]LogSlate: Took 0.000100 seconds to synchronously load lazily loaded font '../../../Engine/Content/Slate/Fonts/Roboto-Bold.ttf' (160K)
[2020.07.03-16.52.40:762][  0]LogSlate: Took 0.001777 seconds to synchronously load lazily loaded font '../../../Engine/Content/Editor/Slate/Fonts/FontAwesome.ttf' (139K)
[2020.07.03-16.52.40:763][  0]LogSlate: Took 0.000108 seconds to synchronously load lazily loaded font '../../../Engine/Content/Slate/Fonts/DroidSansMono.ttf' (77K)
[2020.07.03-16.52.40:851][  0]LogRenderer: Reallocating scene render targets to support 1152x532 Format 10 NumSamples 1 (Frame:1).
[2020.07.03-16.52.40:910][  0]LogContentBrowser: Native class hierarchy updated for 'HierarchicalLODOutliner' in 0.0004 seconds. Added 0 classes and 0 folders.
[2020.07.03-16.52.40:911][  0]LogLoad: (Engine Initialization) Total time: 13.07 seconds
[2020.07.03-16.52.40:911][  0]LogLoad: (Engine Initialization) Total Blueprint compile time: 0.00 seconds
[2020.07.03-16.52.40:949][  0]LogAssetRegistry: Asset discovery search completed in 3.3506 seconds
[2020.07.03-16.52.40:952][  0]LogCollectionManager: Fixed up redirectors for 0 collections in 0.000003 seconds (updated 0 objects)
[2020.07.03-16.52.40:954][  0]LogContentStreaming: Texture pool size now 1000 MB
[2020.07.03-16.52.40:990][  1]LogRenderer: Reallocating scene render targets to support 1152x548 Format 10 NumSamples 1 (Frame:5).
[2020.07.03-16.56.02:432][437]LogTemp: Repeating last play command: Selected Viewport
[2020.07.03-16.56.02:443][437]LogPlayLevel: PlayLevel: No blueprints needed recompiling
[2020.07.03-16.56.02:443][437]PIE: New page: PIE session: Main (Jul 3, 2020, 8:56:02 PM)
[2020.07.03-16.56.02:445][437]LogOnline: OSS: Creating online subsystem instance for: NULL
[2020.07.03-16.56.02:445][437]LogOnline: OSS: TryLoadSubsystemAndSetDefault: Loaded subsystem for module [NULL]
[2020.07.03-16.56.02:445][437]LogPlayLevel: Creating play world package: /Game/Maps/UEDPIE_0_Main
[2020.07.03-16.56.02:448][437]LogPlayLevel: PIE: StaticDuplicateObject took: (0.002330s)
[2020.07.03-16.56.02:449][437]LogAIModule: Creating AISystem for world Main
[2020.07.03-16.56.02:449][437]LogAISub: UAISubsystem::UAISubsystem EnvQueryManager (000001988D660E00), frame # 8437
[2020.07.03-16.56.02:449][437]LogAISub: UAISubsystem::UAISubsystem AIPerceptionSystem (000001988D672D40), frame # 8437
[2020.07.03-16.56.02:449][437]LogPlayLevel: PIE: World Init took: (0.001015s)
[2020.07.03-16.56.02:449][437]LogPlayLevel: PIE: Created PIE world by copying editor world from /Game/Maps/Main.Main to /Game/Maps/UEDPIE_0_Main.Main (0.003452s)
[2020.07.03-16.56.02:460][437]LogUObjectHash: Compacting FUObjectHashTables data took   0.59ms
[2020.07.03-16.56.02:462][437]LogAudioMixer: Display: Audio Mixer Platform Settings:
[2020.07.03-16.56.02:462][437]LogAudioMixer: Display: 	Sample Rate:						  48000
[2020.07.03-16.56.02:462][437]LogAudioMixer: Display: 	Callback Buffer Frame Size Requested: 1024
[2020.07.03-16.56.02:462][437]LogAudioMixer: Display: 	Callback Buffer Frame Size To Use:	  1024
[2020.07.03-16.56.02:462][437]LogAudioMixer: Display: 	Number of buffers to queue:			  2
[2020.07.03-16.56.02:462][437]LogAudioMixer: Display: 	Max Channels (voices):				  32
[2020.07.03-16.56.02:462][437]LogAudioMixer: Display: 	Number of Async Source Workers:		  0
[2020.07.03-16.56.02:462][437]LogAudio: Display: AudioDevice MaxSources: 32
[2020.07.03-16.56.02:462][437]LogAudio: Display: Using built-in audio occlusion.
[2020.07.03-16.56.02:462][437]LogAudioMixer: Display: Initializing audio mixer.
[2020.07.03-16.56.02:466][437]LogAudioMixer: Display: 0: FrontLeft
[2020.07.03-16.56.02:466][437]LogAudioMixer: Display: 1: FrontRight
[2020.07.03-16.56.02:479][437]LogAudioMixer: Display: Using Audio Device Speakers (High Definition Audio Device)
[2020.07.03-16.56.02:479][437]LogAudioMixer: Display: Initializing Sound Submixes...
[2020.07.03-16.56.02:479][437]LogAudioMixer: Display: Creating Master Submix 'MasterSubmixDefault'
[2020.07.03-16.56.02:479][437]LogAudioMixer: Display: Creating Master Submix 'MasterReverbSubmixDefault'
[2020.07.03-16.56.02:480][437]LogAudioMixer: Display: Creating Master Submix 'MasterEQSubmixDefault'
[2020.07.03-16.56.02:491][437]LogInit: FAudioDevice initialized.
[2020.07.03-16.56.02:508][437]LogLoad: Game class is 'BP_GameModeBase_C'
[2020.07.03-16.56.02:509][437]LogWorld: Bringing World /Game/Maps/UEDPIE_0_Main.Main up for play (max tick rate 0) at 2020.07.03-18.56.02
[2020.07.03-16.56.02:509][437]LogWorld: Bringing up level for play took: 0.000732
[2020.07.03-16.56.02:509][437]LogOnline: OSS: Creating online subsystem instance for: :Context_2
[2020.07.03-16.56.02:513][437]LogContentBrowser: Native class hierarchy updated for 'MovieSceneCapture' in 0.0004 seconds. Added 20 classes and 0 folders.
[2020.07.03-16.56.02:514][437]PIE: Server logged in
[2020.07.03-16.56.02:515][437]PIE: Play in editor total start time 0.073 seconds.
[2020.07.03-16.56.06:553][918]LogTemp: Warning: An Actor died.
[2020.07.03-16.56.08:553][158]LogTemp: Warning: An Actor died.
[2020.07.03-16.56.10:553][398]LogTemp: Warning: An Actor died.
[2020.07.03-16.56.12:136][588]LogTemp: Warning: An Actor died.
[2020.07.03-16.56.12:553][638]LogTemp: Warning: An Actor died.
[2020.07.03-16.56.12:770][664]LogTemp: Warning: An Actor died.
[2020.07.03-16.56.13:270][724]LogTemp: Warning: An Actor died.
[2020.07.03-16.56.13:720][778]LogTemp: Warning: An Actor died.
[2020.07.03-16.56.13:953][806]LogTemp: Warning: An Actor died.
[2020.07.03-16.56.14:170][832]LogTemp: Warning: An Actor died.
[2020.07.03-16.56.14:328][851]LogTemp: Warning: An Actor died.
[2020.07.03-16.56.14:553][878]LogTemp: Warning: An Actor died.
[2020.07.03-16.56.14:662][891]LogTemp: Warning: An Actor died.
[2020.07.03-16.56.14:853][914]LogTemp: Warning: An Actor died.
[2020.07.03-16.56.15:037][936]LogTemp: Warning: An Actor died.
[2020.07.03-16.56.16:508][108]LogSlate: Updating window title bar state: overlay mode, drag disabled, window buttons hidden, title bar hidden
[2020.07.03-16.56.16:508][108]LogWorld: BeginTearingDown for /Game/Maps/UEDPIE_0_Main
[2020.07.03-16.56.16:508][108]LogWorld: UWorld::CleanupWorld for Main, bSessionEnded=true, bCleanupResources=true
[2020.07.03-16.56.16:508][108]LogSlate: InvalidateAllWidgets triggered.  All widgets were invalidated
[2020.07.03-16.56.16:513][108]LogPlayLevel: Display: Shutting down PIE online subsystems
[2020.07.03-16.56.16:514][108]LogSlate: InvalidateAllWidgets triggered.  All widgets were invalidated
[2020.07.03-16.56.16:537][108]LogSlate: Updating window title bar state: overlay mode, drag disabled, window buttons hidden, title bar hidden
[2020.07.03-16.56.16:538][108]LogAISub: UAISubsystem::~UAISubsystem AIPerceptionSystem (000001988D672D40), frame # 10108
[2020.07.03-16.56.16:538][108]LogAISub: UAISubsystem::~UAISubsystem EnvQueryManager (000001988D660E00), frame # 10108
[2020.07.03-16.56.16:539][108]LogUObjectHash: Compacting FUObjectHashTables data took   0.66ms
[2020.07.03-16.56.16:582][110]LogPlayLevel: Display: Destroying online subsystem :Context_2
[2020.07.03-16.56.16:807][137]Cmd: SELECT NONE
[2020.07.03-16.56.18:906][386]LogSlate: Took 0.001730 seconds to synchronously load lazily loaded font '../../../Engine/Content/Slate/Fonts/Roboto-Light.ttf' (167K)
[2020.07.03-16.56.22:698][837]LogSlate: Took 0.000187 seconds to synchronously load lazily loaded font '../../../Engine/Content/Slate/Fonts/Roboto-Light.ttf' (167K)
[2020.07.03-16.56.22:711][837]LogAssetEditorSubsystem: Opening Asset editor for Blueprint /Game/Blueprints/Pawns/BP_PawnTank.BP_PawnTank
[2020.07.03-16.56.22:847][837]LogContentBrowser: Native class hierarchy updated for 'BlueprintGraph' in 0.0006 seconds. Added 125 classes and 0 folders.
[2020.07.03-16.56.23:581][837]LogSlate: Took 0.000139 seconds to synchronously load lazily loaded font '../../../Engine/Content/Slate/Fonts/Roboto-BoldCondensed.ttf' (158K)
[2020.07.03-16.56.28:158][350]LogSlate: Took 0.000227 seconds to synchronously load lazily loaded font '../../../Engine/Content/Slate/Fonts/Roboto-Italic.ttf' (157K)
[2020.07.03-16.56.38:358][476]LogSlate: Window 'BP_PawnTank' being destroyed
[2020.07.03-16.56.54:622][405]BlueprintLog: New page: Compile BP_PawnTank
[2020.07.03-16.56.54:652][405]LogUObjectHash: Compacting FUObjectHashTables data took   1.77ms
[2020.07.03-16.56.56:203][578]Cmd: OBJ SAVEPACKAGE PACKAGE="/Game/Blueprints/Pawns/BP_PawnTank" FILE="../../../../../../Users/johan/Desktop/ToonTanks/Content/Blueprints/Pawns/BP_PawnTank.uasset" SILENT=true
[2020.07.03-16.56.56:217][578]LogSavePackage: Moving '../../../../../../Users/johan/Desktop/ToonTanks/Saved/BP_PawnTank488E7BAB4B2885D48C79E9ADD8E90535.tmp' to '../../../../../../Users/johan/Desktop/ToonTanks/Content/Blueprints/Pawns/BP_PawnTank.uasset'
[2020.07.03-16.56.56:228][578]AssetCheck: New page: Asset Save: BP_PawnTank
[2020.07.03-16.56.56:228][578]LogContentValidation: Display: Validating Blueprint /Game/Blueprints/Pawns/BP_PawnTank.BP_PawnTank
[2020.07.03-16.56.57:274][694]Cmd: OBJ SAVEPACKAGE PACKAGE="/Game/Blueprints/Pawns/BP_PawnTank" FILE="../../../../../../Users/johan/Desktop/ToonTanks/Content/Blueprints/Pawns/BP_PawnTank.uasset" SILENT=true
[2020.07.03-16.56.57:283][694]LogSavePackage: Moving '../../../../../../Users/johan/Desktop/ToonTanks/Saved/BP_PawnTankACDD00394CE53C29DD333980018EDB54.tmp' to '../../../../../../Users/johan/Desktop/ToonTanks/Content/Blueprints/Pawns/BP_PawnTank.uasset'
[2020.07.03-16.56.57:292][694]AssetCheck: New page: Asset Save: BP_PawnTank
[2020.07.03-16.56.57:292][694]LogContentValidation: Display: Validating Blueprint /Game/Blueprints/Pawns/BP_PawnTank.BP_PawnTank
[2020.07.03-16.57.01:836][220]Candidate modules for hot reload:
[2020.07.03-16.57.01:836][220]  ToonTanks
[2020.07.03-16.57.01:836][220]Launching UnrealBuildTool... [C:/Program Files/Epic Games/UE_4.25/Engine/Binaries/DotNET/UnrealBuildTool.exe  -ModuleWithSuffix=ToonTanks,1542 ToonTanksEditor Win64 Development -Project="C:/Users/johan/Desktop/ToonTanks/ToonTanks.uproject" "C:/Users/johan/Desktop/ToonTanks/ToonTanks.uproject"  -IgnoreJunk]
[2020.07.03-16.57.01:847][220]Warning: Starting HotReload took  0.1s.
[2020.07.03-16.57.07:968][928]CompilerResultsLog: New page: Compilation - Jul 3, 2020, 8:57:07 PM
[2020.07.03-16.57.07:968][928]CompilerResultsLog: Using 'git status' to determine working set for adaptive non-unity build (C:\Users\johan\Desktop\ToonTanks).
[2020.07.03-16.57.07:968][928]CompilerResultsLog: Building ToonTanksEditor...
[2020.07.03-16.57.07:968][928]CompilerResultsLog: Using Visual Studio 2019 14.26.28806 toolchain (C:\Program Files (x86)\Microsoft Visual Studio\2019\Community\VC\Tools\MSVC\14.26.28801) and Windows 10.0.18362.0 SDK (C:\Program Files (x86)\Windows Kits\10).
[2020.07.03-16.57.07:968][928]CompilerResultsLog: Building 4 actions with 16 processes...
[2020.07.03-16.57.07:968][928]CompilerResultsLog:   [1/4] HealthComponent.cpp
[2020.07.03-16.57.07:968][928]CompilerResultsLog:   [2/4] UE4Editor-ToonTanks-1542.lib
[2020.07.03-16.57.07:968][928]CompilerResultsLog:      Creating library C:\Users\johan\Desktop\ToonTanks\Intermediate\Build\Win64\UE4Editor\Development\ToonTanks\UE4Editor-ToonTanks-1542.lib and object C:\Users\johan\Desktop\ToonTanks\Intermediate\Build\Win64\UE4Editor\Development\ToonTanks\UE4Editor-ToonTanks-1542.exp
[2020.07.03-16.57.07:968][928]CompilerResultsLog:   [3/4] UE4Editor-ToonTanks-1542.dll
[2020.07.03-16.57.07:968][928]CompilerResultsLog:      Creating library C:\Users\johan\Desktop\ToonTanks\Intermediate\Build\Win64\UE4Editor\Development\ToonTanks\UE4Editor-ToonTanks-1542.suppressed.lib and object C:\Users\johan\Desktop\ToonTanks\Intermediate\Build\Win64\UE4Editor\Development\ToonTanks\UE4Editor-ToonTanks-1542.suppressed.exp
[2020.07.03-16.57.07:968][928]CompilerResultsLog:   [4/4] ToonTanksEditor.target
[2020.07.03-16.57.07:968][928]CompilerResultsLog: Total time in Parallel executor: 1.44 seconds
[2020.07.03-16.57.07:968][928]CompilerResultsLog: Total execution time: 6.04 seconds
[2020.07.03-16.57.07:968][928]LogMainFrame: MainFrame: Module compiling took 6.135 seconds
[2020.07.03-16.57.07:997][928]LogContentBrowser: Native class hierarchy updated for 'ToonTanks' in 0.0004 seconds. Added 6 classes and 6 folders.
[2020.07.03-16.57.08:000][928]Display: HotReload successful (2 functions remapped  0 scriptstructs remapped)
[2020.07.03-16.57.08:052][928]LogContentBrowser: Native class hierarchy populated in 0.0092 seconds. Added 3433 classes and 827 folders.
[2020.07.03-16.57.08:053][928]Display: HotReload took  6.3s.
[2020.07.03-16.57.09:789][102]Candidate modules for hot reload:
[2020.07.03-16.57.09:789][102]  ToonTanks
[2020.07.03-16.57.09:789][102]Launching UnrealBuildTool... [C:/Program Files/Epic Games/UE_4.25/Engine/Binaries/DotNET/UnrealBuildTool.exe  -ModuleWithSuffix=ToonTanks,5719 ToonTanksEditor Win64 Development -Project="C:/Users/johan/Desktop/ToonTanks/ToonTanks.uproject" "C:/Users/johan/Desktop/ToonTanks/ToonTanks.uproject"  -IgnoreJunk]
[2020.07.03-16.57.09:799][102]Warning: Starting HotReload took  0.0s.
[2020.07.03-16.57.15:284][333]CompilerResultsLog: New page: Compilation - Jul 3, 2020, 8:57:15 PM
[2020.07.03-16.57.15:284][333]CompilerResultsLog: Using 'git status' to determine working set for adaptive non-unity build (C:\Users\johan\Desktop\ToonTanks).
[2020.07.03-16.57.15:284][333]CompilerResultsLog: Building ToonTanksEditor...
[2020.07.03-16.57.15:284][333]CompilerResultsLog: Using Visual Studio 2019 14.26.28806 toolchain (C:\Program Files (x86)\Microsoft Visual Studio\2019\Community\VC\Tools\MSVC\14.26.28801) and Windows 10.0.18362.0 SDK (C:\Program Files (x86)\Windows Kits\10).
[2020.07.03-16.57.15:284][333]CompilerResultsLog: Building 3 actions with 16 processes...
[2020.07.03-16.57.15:284][333]CompilerResultsLog:   [1/3] UE4Editor-ToonTanks-5719.lib
[2020.07.03-16.57.15:284][333]CompilerResultsLog:      Creating library C:\Users\johan\Desktop\ToonTanks\Intermediate\Build\Win64\UE4Editor\Development\ToonTanks\UE4Editor-ToonTanks-5719.lib and object C:\Users\johan\Desktop\ToonTanks\Intermediate\Build\Win64\UE4Editor\Development\ToonTanks\UE4Editor-ToonTanks-5719.exp
[2020.07.03-16.57.15:284][333]CompilerResultsLog:   [2/3] UE4Editor-ToonTanks-5719.dll
[2020.07.03-16.57.15:284][333]CompilerResultsLog:      Creating library C:\Users\johan\Desktop\ToonTanks\Intermediate\Build\Win64\UE4Editor\Development\ToonTanks\UE4Editor-ToonTanks-5719.suppressed.lib and object C:\Users\johan\Desktop\ToonTanks\Intermediate\Build\Win64\UE4Editor\Development\ToonTanks\UE4Editor-ToonTanks-5719.suppressed.exp
[2020.07.03-16.57.15:284][333]CompilerResultsLog:   [3/3] ToonTanksEditor.target
[2020.07.03-16.57.15:284][333]CompilerResultsLog: Total time in Parallel executor: 0.72 seconds
[2020.07.03-16.57.15:284][333]CompilerResultsLog: Total execution time: 5.24 seconds
[2020.07.03-16.57.15:284][333]LogMainFrame: MainFrame: Module compiling took 5.497 seconds
[2020.07.03-16.57.15:318][333]LogContentBrowser: Native class hierarchy updated for 'ToonTanks' in 0.0005 seconds. Added 6 classes and 6 folders.
[2020.07.03-16.57.15:323][333]Display: HotReload successful (2 functions remapped  0 scriptstructs remapped)
[2020.07.03-16.57.15:373][333]LogContentBrowser: Native class hierarchy populated in 0.0088 seconds. Added 3433 classes and 827 folders.
[2020.07.03-16.57.15:373][333]Display: HotReload took  5.6s.
[2020.07.03-16.57.18:636][420]LogTemp: Repeating last play command: Selected Viewport
[2020.07.03-16.57.18:649][420]LogPlayLevel: PlayLevel: No blueprints needed recompiling
[2020.07.03-16.57.18:649][420]PIE: New page: PIE session: Main (Jul 3, 2020, 8:57:18 PM)
[2020.07.03-16.57.18:676][420]LogPlayLevel: Creating play world package: /Game/Maps/UEDPIE_0_Main
[2020.07.03-16.57.18:680][420]LogPlayLevel: PIE: StaticDuplicateObject took: (0.003884s)
[2020.07.03-16.57.18:681][420]LogAIModule: Creating AISystem for world Main
[2020.07.03-16.57.18:681][420]LogAISub: UAISubsystem::UAISubsystem EnvQueryManager (000001992004EE00), frame # 16420
[2020.07.03-16.57.18:681][420]LogAISub: UAISubsystem::UAISubsystem AIPerceptionSystem (000001988D4FC540), frame # 16420
[2020.07.03-16.57.18:681][420]LogPlayLevel: PIE: World Init took: (0.000988s)
[2020.07.03-16.57.18:681][420]LogPlayLevel: PIE: Created PIE world by copying editor world from /Game/Maps/Main.Main to /Game/Maps/UEDPIE_0_Main.Main (0.005034s)
[2020.07.03-16.57.18:759][420]LogUObjectHash: Compacting FUObjectHashTables data took   3.47ms
[2020.07.03-16.57.18:760][420]LogAudioMixer: Display: Audio Mixer Platform Settings:
[2020.07.03-16.57.18:760][420]LogAudioMixer: Display: 	Sample Rate:						  48000
[2020.07.03-16.57.18:760][420]LogAudioMixer: Display: 	Callback Buffer Frame Size Requested: 1024
[2020.07.03-16.57.18:760][420]LogAudioMixer: Display: 	Callback Buffer Frame Size To Use:	  1024
[2020.07.03-16.57.18:760][420]LogAudioMixer: Display: 	Number of buffers to queue:			  2
[2020.07.03-16.57.18:760][420]LogAudioMixer: Display: 	Max Channels (voices):				  32
[2020.07.03-16.57.18:760][420]LogAudioMixer: Display: 	Number of Async Source Workers:		  0
[2020.07.03-16.57.18:760][420]LogAudio: Display: AudioDevice MaxSources: 32
[2020.07.03-16.57.18:761][420]LogAudio: Display: Using built-in audio occlusion.
[2020.07.03-16.57.18:761][420]LogAudioMixer: Display: Initializing audio mixer.
[2020.07.03-16.57.18:764][420]LogAudioMixer: Display: 0: FrontLeft
[2020.07.03-16.57.18:764][420]LogAudioMixer: Display: 1: FrontRight
[2020.07.03-16.57.18:777][420]LogAudioMixer: Display: Using Audio Device Speakers (High Definition Audio Device)
[2020.07.03-16.57.18:778][420]LogAudioMixer: Display: Initializing Sound Submixes...
[2020.07.03-16.57.18:778][420]LogAudioMixer: Display: Creating Master Submix 'MasterSubmixDefault'
[2020.07.03-16.57.18:778][420]LogAudioMixer: Display: Creating Master Submix 'MasterReverbSubmixDefault'
[2020.07.03-16.57.18:778][420]LogAudioMixer: Display: Creating Master Submix 'MasterEQSubmixDefault'
[2020.07.03-16.57.18:789][420]LogInit: FAudioDevice initialized.
[2020.07.03-16.57.18:797][420]LogLoad: Game class is 'BP_GameModeBase_C'
[2020.07.03-16.57.18:799][420]LogWorld: Bringing World /Game/Maps/UEDPIE_0_Main.Main up for play (max tick rate 0) at 2020.07.03-18.57.18
[2020.07.03-16.57.18:799][420]LogWorld: Bringing up level for play took: 0.000651
[2020.07.03-16.57.18:799][420]LogOnline: OSS: Creating online subsystem instance for: :Context_7
[2020.07.03-16.57.18:801][420]PIE: Server logged in
[2020.07.03-16.57.18:802][420]PIE: Play in editor total start time 0.156 seconds.
[2020.07.03-16.57.23:568][987]LogSlate: Updating window title bar state: overlay mode, drag disabled, window buttons hidden, title bar hidden
[2020.07.03-16.57.23:568][987]LogWorld: BeginTearingDown for /Game/Maps/UEDPIE_0_Main
[2020.07.03-16.57.23:568][987]LogWorld: UWorld::CleanupWorld for Main, bSessionEnded=true, bCleanupResources=true
[2020.07.03-16.57.23:568][987]LogSlate: InvalidateAllWidgets triggered.  All widgets were invalidated
[2020.07.03-16.57.23:574][987]LogPlayLevel: Display: Shutting down PIE online subsystems
[2020.07.03-16.57.23:578][987]LogSlate: InvalidateAllWidgets triggered.  All widgets were invalidated
[2020.07.03-16.57.23:609][987]LogSlate: Updating window title bar state: overlay mode, drag disabled, window buttons hidden, title bar hidden
[2020.07.03-16.57.23:614][987]LogAISub: UAISubsystem::~UAISubsystem EnvQueryManager (000001992004EE00), frame # 16987
[2020.07.03-16.57.23:614][987]LogAISub: UAISubsystem::~UAISubsystem AIPerceptionSystem (000001988D4FC540), frame # 16987
[2020.07.03-16.57.23:619][987]LogUObjectHash: Compacting FUObjectHashTables data took   2.42ms
[2020.07.03-16.57.23:643][988]LogPlayLevel: Display: Destroying online subsystem :Context_7
[2020.07.03-16.57.25:569][215]LogTemp: Repeating last play command: Selected Viewport
[2020.07.03-16.57.25:583][215]LogPlayLevel: PlayLevel: No blueprints needed recompiling
[2020.07.03-16.57.25:583][215]PIE: New page: PIE session: Main (Jul 3, 2020, 8:57:25 PM)
[2020.07.03-16.57.25:607][215]LogPlayLevel: Creating play world package: /Game/Maps/UEDPIE_0_Main
[2020.07.03-16.57.25:609][215]LogPlayLevel: PIE: StaticDuplicateObject took: (0.002188s)
[2020.07.03-16.57.25:610][215]LogAIModule: Creating AISystem for world Main
[2020.07.03-16.57.25:610][215]LogAISub: UAISubsystem::UAISubsystem EnvQueryManager (000001989F11A600), frame # 17215
[2020.07.03-16.57.25:610][215]LogAISub: UAISubsystem::UAISubsystem AIPerceptionSystem (000001991AF13D80), frame # 17215
[2020.07.03-16.57.25:610][215]LogPlayLevel: PIE: World Init took: (0.000870s)
[2020.07.03-16.57.25:610][215]LogPlayLevel: PIE: Created PIE world by copying editor world from /Game/Maps/Main.Main to /Game/Maps/UEDPIE_0_Main.Main (0.003185s)
[2020.07.03-16.57.25:630][215]LogUObjectHash: Compacting FUObjectHashTables data took   2.01ms
[2020.07.03-16.57.25:631][215]LogAudioMixer: Display: Audio Mixer Platform Settings:
[2020.07.03-16.57.25:631][215]LogAudioMixer: Display: 	Sample Rate:						  48000
[2020.07.03-16.57.25:631][215]LogAudioMixer: Display: 	Callback Buffer Frame Size Requested: 1024
[2020.07.03-16.57.25:631][215]LogAudioMixer: Display: 	Callback Buffer Frame Size To Use:	  1024
[2020.07.03-16.57.25:631][215]LogAudioMixer: Display: 	Number of buffers to queue:			  2
[2020.07.03-16.57.25:631][215]LogAudioMixer: Display: 	Max Channels (voices):				  32
[2020.07.03-16.57.25:631][215]LogAudioMixer: Display: 	Number of Async Source Workers:		  0
[2020.07.03-16.57.25:631][215]LogAudio: Display: AudioDevice MaxSources: 32
[2020.07.03-16.57.25:631][215]LogAudio: Display: Using built-in audio occlusion.
[2020.07.03-16.57.25:631][215]LogAudioMixer: Display: Initializing audio mixer.
[2020.07.03-16.57.25:635][215]LogAudioMixer: Display: 0: FrontLeft
[2020.07.03-16.57.25:635][215]LogAudioMixer: Display: 1: FrontRight
[2020.07.03-16.57.25:647][215]LogAudioMixer: Display: Using Audio Device Speakers (High Definition Audio Device)
[2020.07.03-16.57.25:647][215]LogAudioMixer: Display: Initializing Sound Submixes...
[2020.07.03-16.57.25:647][215]LogAudioMixer: Display: Creating Master Submix 'MasterSubmixDefault'
[2020.07.03-16.57.25:647][215]LogAudioMixer: Display: Creating Master Submix 'MasterReverbSubmixDefault'
[2020.07.03-16.57.25:647][215]LogAudioMixer: Display: Creating Master Submix 'MasterEQSubmixDefault'
[2020.07.03-16.57.25:659][215]LogInit: FAudioDevice initialized.
[2020.07.03-16.57.25:664][215]LogLoad: Game class is 'BP_GameModeBase_C'
[2020.07.03-16.57.25:665][215]LogWorld: Bringing World /Game/Maps/UEDPIE_0_Main.Main up for play (max tick rate 0) at 2020.07.03-18.57.25
[2020.07.03-16.57.25:665][215]LogWorld: Bringing up level for play took: 0.000636
[2020.07.03-16.57.25:665][215]LogOnline: OSS: Creating online subsystem instance for: :Context_8
[2020.07.03-16.57.25:667][215]PIE: Server logged in
[2020.07.03-16.57.25:668][215]PIE: Play in editor total start time 0.086 seconds.
[2020.07.03-16.57.29:700][697]LogTemp: Warning: An Actor died.
[2020.07.03-16.57.34:750][303]LogTemp: Warning: An Actor died.
[2020.07.03-16.57.50:257][161]LogSlate: Updating window title bar state: overlay mode, drag disabled, window buttons hidden, title bar hidden
[2020.07.03-16.57.50:257][161]LogWorld: BeginTearingDown for /Game/Maps/UEDPIE_0_Main
[2020.07.03-16.57.50:258][161]LogWorld: UWorld::CleanupWorld for Main, bSessionEnded=true, bCleanupResources=true
[2020.07.03-16.57.50:258][161]LogSlate: InvalidateAllWidgets triggered.  All widgets were invalidated
[2020.07.03-16.57.50:265][161]LogPlayLevel: Display: Shutting down PIE online subsystems
[2020.07.03-16.57.50:269][161]LogSlate: InvalidateAllWidgets triggered.  All widgets were invalidated
[2020.07.03-16.57.50:300][161]LogSlate: Updating window title bar state: overlay mode, drag disabled, window buttons hidden, title bar hidden
[2020.07.03-16.57.50:301][161]LogAISub: UAISubsystem::~UAISubsystem AIPerceptionSystem (000001991AF13D80), frame # 20161
[2020.07.03-16.57.50:301][161]LogAISub: UAISubsystem::~UAISubsystem EnvQueryManager (000001989F11A600), frame # 20161
[2020.07.03-16.57.50:303][161]LogUObjectHash: Compacting FUObjectHashTables data took   2.10ms
[2020.07.03-16.57.50:347][163]LogPlayLevel: Display: Destroying online subsystem :Context_8
[2020.07.03-17.24.00:945][291]Cmd: OBJ SAVEPACKAGE PACKAGE="/Game/Maps/Main" FILE="../../../../../../Users/johan/Desktop/ToonTanks/Content/Maps/Main.umap" SILENT=true AUTOSAVING=false KEEPDIRTY=false
[2020.07.03-17.24.00:967][291]LogUObjectHash: Compacting FUObjectHashTables data took   2.54ms
[2020.07.03-17.24.00:982][291]LogSavePackage: Moving '../../../../../../Users/johan/Desktop/ToonTanks/Saved/MainAA44BF3240599479B88B20BCE0A94F7B.tmp' to '../../../../../../Users/johan/Desktop/ToonTanks/Content/Maps/Main.umap'
[2020.07.03-17.24.01:068][291]Cmd: OBJ SAVEPACKAGE PACKAGE="/Game/Maps/Main_BuiltData" FILE="../../../../../../Users/johan/Desktop/ToonTanks/Content/Maps/Main_BuiltData.uasset" SILENT=true
[2020.07.03-17.24.01:086][291]LogSavePackage: Moving '../../../../../../Users/johan/Desktop/ToonTanks/Saved/Main_BuiltData5098D6154A280108B4D8A6A07FCA0C4E.tmp' to '../../../../../../Users/johan/Desktop/ToonTanks/Content/Maps/Main_BuiltData.uasset'
[2020.07.03-17.24.01:098][291]AssetCheck: New page: Asset Save: multiple assets
[2020.07.03-17.24.01:098][291]LogContentValidation: Display: Validating World /Game/Maps/Main.Main
[2020.07.03-17.24.01:098][291]LogContentValidation: Display: Validating MapBuildDataRegistry /Game/Maps/Main_BuiltData.Main_BuiltData
[2020.07.03-17.24.05:207][772]Running C:/Program Files/Epic Games/UE_4.25/Engine/Binaries/DotNET/UnrealBuildTool.exe  -projectfiles -project="C:/Users/johan/Desktop/ToonTanks/ToonTanks.uproject" -game -rocket -progress
[2020.07.03-17.24.09:523][772]Discovering modules, targets and source code for project...
[2020.07.03-17.24.10:524][772]Binding IntelliSense data...
[2020.07.03-17.24.11:933][772]Binding IntelliSense data... 100%
[2020.07.03-17.24.11:933][772]Writing project files...
[2020.07.03-17.24.14:838][772]Writing project files... 100%
[2020.07.03-17.31.58:369][134]Running C:/Program Files/Epic Games/UE_4.25/Engine/Binaries/DotNET/UnrealBuildTool.exe  -projectfiles -project="C:/Users/johan/Desktop/ToonTanks/ToonTanks.uproject" -game -rocket -progress
[2020.07.03-17.32.02:687][134]Discovering modules, targets and source code for project...
[2020.07.03-17.32.03:688][134]Binding IntelliSense data...
[2020.07.03-17.32.05:102][134]Binding IntelliSense data... 100%
[2020.07.03-17.32.05:102][134]Writing project files...
[2020.07.03-17.32.07:806][134]Writing project files... 100%
